{"C:\\Users\\ASUS\\Desktop\\new\\bytefixers\\backend\\config\\appConfig.js": {"path":"C:\\Users\\ASUS\\Desktop\\new\\bytefixers\\backend\\config\\appConfig.js","statementMap":{"0":{"start":{"line":1,"column":0},"end":{"line":1,"column":27}},"1":{"start":{"line":2,"column":18},"end":{"line":10,"column":1}},"2":{"start":{"line":11,"column":0},"end":{"line":11,"column":27}}},"fnMap":{},"branchMap":{"0":{"loc":{"start":{"line":3,"column":8},"end":{"line":3,"column":32}},"type":"binary-expr","locations":[{"start":{"line":3,"column":8},"end":{"line":3,"column":24}},{"start":{"line":3,"column":28},"end":{"line":3,"column":32}}],"line":3}},"s":{"0":2,"1":2,"2":2},"f":{},"b":{"0":[2,0]},"_coverageSchema":"1a1c01bbd47fc00a2c39e90264f33305004495a9","hash":"4a542b70f574ed8b0ef35f8b3e8079f610732d8d"}
,"C:\\Users\\ASUS\\Desktop\\new\\bytefixers\\backend\\middleware\\authMiddleware.js": {"path":"C:\\Users\\ASUS\\Desktop\\new\\bytefixers\\backend\\middleware\\authMiddleware.js","statementMap":{"0":{"start":{"line":1,"column":12},"end":{"line":1,"column":35}},"1":{"start":{"line":2,"column":18},"end":{"line":2,"column":48}},"2":{"start":{"line":4,"column":26},"end":{"line":28,"column":1}},"3":{"start":{"line":5,"column":21},"end":{"line":5,"column":46}},"4":{"start":{"line":6,"column":2},"end":{"line":6,"column":51}},"5":{"start":{"line":7,"column":2},"end":{"line":9,"column":3}},"6":{"start":{"line":8,"column":4},"end":{"line":8,"column":80}},"7":{"start":{"line":11,"column":16},"end":{"line":11,"column":40}},"8":{"start":{"line":12,"column":2},"end":{"line":12,"column":31}},"9":{"start":{"line":13,"column":2},"end":{"line":17,"column":3}},"10":{"start":{"line":14,"column":4},"end":{"line":16,"column":63}},"11":{"start":{"line":18,"column":2},"end":{"line":18,"column":41}},"12":{"start":{"line":19,"column":2},"end":{"line":27,"column":5}},"13":{"start":{"line":20,"column":4},"end":{"line":23,"column":5}},"14":{"start":{"line":21,"column":6},"end":{"line":21,"column":58}},"15":{"start":{"line":22,"column":6},"end":{"line":22,"column":78}},"16":{"start":{"line":25,"column":4},"end":{"line":25,"column":23}},"17":{"start":{"line":26,"column":4},"end":{"line":26,"column":11}},"18":{"start":{"line":30,"column":0},"end":{"line":30,"column":39}}},"fnMap":{"0":{"name":"(anonymous_0)","decl":{"start":{"line":4,"column":26},"end":{"line":4,"column":27}},"loc":{"start":{"line":4,"column":46},"end":{"line":28,"column":1}},"line":4},"1":{"name":"(anonymous_1)","decl":{"start":{"line":19,"column":47},"end":{"line":19,"column":48}},"loc":{"start":{"line":19,"column":65},"end":{"line":27,"column":3}},"line":19}},"branchMap":{"0":{"loc":{"start":{"line":7,"column":2},"end":{"line":9,"column":3}},"type":"if","locations":[{"start":{"line":7,"column":2},"end":{"line":9,"column":3}},{"start":{},"end":{}}],"line":7},"1":{"loc":{"start":{"line":13,"column":2},"end":{"line":17,"column":3}},"type":"if","locations":[{"start":{"line":13,"column":2},"end":{"line":17,"column":3}},{"start":{},"end":{}}],"line":13},"2":{"loc":{"start":{"line":20,"column":4},"end":{"line":23,"column":5}},"type":"if","locations":[{"start":{"line":20,"column":4},"end":{"line":23,"column":5}},{"start":{},"end":{}}],"line":20}},"s":{"0":1,"1":1,"2":1,"3":0,"4":0,"5":0,"6":0,"7":0,"8":0,"9":0,"10":0,"11":0,"12":0,"13":0,"14":0,"15":0,"16":0,"17":0,"18":1},"f":{"0":0,"1":0},"b":{"0":[0,0],"1":[0,0],"2":[0,0]},"_coverageSchema":"1a1c01bbd47fc00a2c39e90264f33305004495a9","hash":"459d1cada9e0edfddd73977773729f199163e0ac"}
,"C:\\Users\\ASUS\\Desktop\\new\\bytefixers\\backend\\models\\Attachment.js": {"path":"C:\\Users\\ASUS\\Desktop\\new\\bytefixers\\backend\\models\\Attachment.js","statementMap":{"0":{"start":{"line":1,"column":17},"end":{"line":1,"column":36}},"1":{"start":{"line":3,"column":25},"end":{"line":16,"column":2}},"2":{"start":{"line":17,"column":0},"end":{"line":17,"column":64}}},"fnMap":{},"branchMap":{},"s":{"0":5,"1":5,"2":5},"f":{},"b":{},"_coverageSchema":"1a1c01bbd47fc00a2c39e90264f33305004495a9","hash":"56a2f08ee664987985bbf8722c5e4c4332f6f5ff"}
,"C:\\Users\\ASUS\\Desktop\\new\\bytefixers\\backend\\models\\Calendar.js": {"path":"C:\\Users\\ASUS\\Desktop\\new\\bytefixers\\backend\\models\\Calendar.js","statementMap":{"0":{"start":{"line":1,"column":17},"end":{"line":1,"column":36}},"1":{"start":{"line":3,"column":28},"end":{"line":71,"column":1}},"2":{"start":{"line":73,"column":0},"end":{"line":73,"column":70}}},"fnMap":{},"branchMap":{},"s":{"0":1,"1":1,"2":1},"f":{},"b":{},"_coverageSchema":"1a1c01bbd47fc00a2c39e90264f33305004495a9","hash":"770143b72501baf7ca99bf4c3a17ad02a7f587e3"}
,"C:\\Users\\ASUS\\Desktop\\new\\bytefixers\\backend\\models\\Conversation.js": {"path":"C:\\Users\\ASUS\\Desktop\\new\\bytefixers\\backend\\models\\Conversation.js","statementMap":{"0":{"start":{"line":1,"column":17},"end":{"line":1,"column":36}},"1":{"start":{"line":3,"column":22},"end":{"line":17,"column":2}},"2":{"start":{"line":19,"column":27},"end":{"line":38,"column":2}},"3":{"start":{"line":41,"column":0},"end":{"line":44,"column":3}},"4":{"start":{"line":42,"column":2},"end":{"line":42,"column":30}},"5":{"start":{"line":43,"column":2},"end":{"line":43,"column":9}},"6":{"start":{"line":46,"column":0},"end":{"line":46,"column":68}}},"fnMap":{"0":{"name":"(anonymous_0)","decl":{"start":{"line":41,"column":31},"end":{"line":41,"column":32}},"loc":{"start":{"line":41,"column":46},"end":{"line":44,"column":1}},"line":41}},"branchMap":{},"s":{"0":1,"1":1,"2":1,"3":1,"4":6,"5":6,"6":1},"f":{"0":6},"b":{},"_coverageSchema":"1a1c01bbd47fc00a2c39e90264f33305004495a9","hash":"85985b2fd9e4e5cd44de3907418a02d992ef3c78"}
,"C:\\Users\\ASUS\\Desktop\\new\\bytefixers\\backend\\models\\Notification.js": {"path":"C:\\Users\\ASUS\\Desktop\\new\\bytefixers\\backend\\models\\Notification.js","statementMap":{"0":{"start":{"line":1,"column":17},"end":{"line":1,"column":36}},"1":{"start":{"line":3,"column":27},"end":{"line":53,"column":1}},"2":{"start":{"line":55,"column":0},"end":{"line":55,"column":68}}},"fnMap":{},"branchMap":{},"s":{"0":1,"1":1,"2":1},"f":{},"b":{},"_coverageSchema":"1a1c01bbd47fc00a2c39e90264f33305004495a9","hash":"24bcee7b0b6bf689e4bc8de3e6f70e3fd0e8e87d"}
,"C:\\Users\\ASUS\\Desktop\\new\\bytefixers\\backend\\models\\Project.js": {"path":"C:\\Users\\ASUS\\Desktop\\new\\bytefixers\\backend\\models\\Project.js","statementMap":{"0":{"start":{"line":1,"column":17},"end":{"line":1,"column":36}},"1":{"start":{"line":3,"column":22},"end":{"line":51,"column":1}},"2":{"start":{"line":54,"column":0},"end":{"line":54,"column":58}}},"fnMap":{},"branchMap":{},"s":{"0":7,"1":7,"2":7},"f":{},"b":{},"_coverageSchema":"1a1c01bbd47fc00a2c39e90264f33305004495a9","hash":"617dbf33949d8f8dc82fdf44ec047df2211657f2"}
,"C:\\Users\\ASUS\\Desktop\\new\\bytefixers\\backend\\models\\Subtask.js": {"path":"C:\\Users\\ASUS\\Desktop\\new\\bytefixers\\backend\\models\\Subtask.js","statementMap":{"0":{"start":{"line":1,"column":17},"end":{"line":1,"column":36}},"1":{"start":{"line":3,"column":22},"end":{"line":60,"column":1}},"2":{"start":{"line":61,"column":0},"end":{"line":63,"column":3}},"3":{"start":{"line":62,"column":2},"end":{"line":62,"column":32}},"4":{"start":{"line":64,"column":0},"end":{"line":64,"column":58}}},"fnMap":{"0":{"name":"(anonymous_0)","decl":{"start":{"line":61,"column":41},"end":{"line":61,"column":42}},"loc":{"start":{"line":61,"column":53},"end":{"line":63,"column":1}},"line":61}},"branchMap":{},"s":{"0":2,"1":2,"2":2,"3":0,"4":2},"f":{"0":0},"b":{},"_coverageSchema":"1a1c01bbd47fc00a2c39e90264f33305004495a9","hash":"f8ba00726d83083e14d2ca7e7a0da97462818d19"}
,"C:\\Users\\ASUS\\Desktop\\new\\bytefixers\\backend\\models\\Task.js": {"path":"C:\\Users\\ASUS\\Desktop\\new\\bytefixers\\backend\\models\\Task.js","statementMap":{"0":{"start":{"line":1,"column":17},"end":{"line":1,"column":36}},"1":{"start":{"line":2,"column":19},"end":{"line":2,"column":42}},"2":{"start":{"line":4,"column":19},"end":{"line":63,"column":1}},"3":{"start":{"line":64,"column":0},"end":{"line":66,"column":3}},"4":{"start":{"line":65,"column":2},"end":{"line":65,"column":32}},"5":{"start":{"line":67,"column":0},"end":{"line":67,"column":52}}},"fnMap":{"0":{"name":"(anonymous_0)","decl":{"start":{"line":64,"column":38},"end":{"line":64,"column":39}},"loc":{"start":{"line":64,"column":50},"end":{"line":66,"column":1}},"line":64}},"branchMap":{},"s":{"0":5,"1":5,"2":5,"3":5,"4":0,"5":5},"f":{"0":0},"b":{},"_coverageSchema":"1a1c01bbd47fc00a2c39e90264f33305004495a9","hash":"236a64e9884e6e4e67a8a46be9bef68aeccd6a53"}
,"C:\\Users\\ASUS\\Desktop\\new\\bytefixers\\backend\\models\\Team.js": {"path":"C:\\Users\\ASUS\\Desktop\\new\\bytefixers\\backend\\models\\Team.js","statementMap":{"0":{"start":{"line":1,"column":17},"end":{"line":1,"column":36}},"1":{"start":{"line":3,"column":19},"end":{"line":31,"column":1}},"2":{"start":{"line":33,"column":0},"end":{"line":33,"column":52}},"3":{"start":{"line":36,"column":0},"end":{"line":42,"column":3}},"4":{"start":{"line":37,"column":17},"end":{"line":37,"column":36}},"5":{"start":{"line":38,"column":2},"end":{"line":38,"column":63}},"6":{"start":{"line":39,"column":2},"end":{"line":39,"column":66}},"7":{"start":{"line":40,"column":2},"end":{"line":40,"column":66}},"8":{"start":{"line":41,"column":2},"end":{"line":41,"column":9}}},"fnMap":{"0":{"name":"(anonymous_0)","decl":{"start":{"line":36,"column":28},"end":{"line":36,"column":29}},"loc":{"start":{"line":36,"column":50},"end":{"line":42,"column":1}},"line":36}},"branchMap":{},"s":{"0":1,"1":1,"2":1,"3":1,"4":0,"5":0,"6":0,"7":0,"8":0},"f":{"0":0},"b":{},"_coverageSchema":"1a1c01bbd47fc00a2c39e90264f33305004495a9","hash":"1ae1452196293d909b4c72e57968d6ee46659752"}
,"C:\\Users\\ASUS\\Desktop\\new\\bytefixers\\backend\\models\\user.js": {"path":"C:\\Users\\ASUS\\Desktop\\new\\bytefixers\\backend\\models\\user.js","statementMap":{"0":{"start":{"line":1,"column":17},"end":{"line":1,"column":36}},"1":{"start":{"line":3,"column":19},"end":{"line":29,"column":1}},"2":{"start":{"line":31,"column":0},"end":{"line":31,"column":52}}},"fnMap":{},"branchMap":{},"s":{"0":4,"1":4,"2":4},"f":{},"b":{},"_coverageSchema":"1a1c01bbd47fc00a2c39e90264f33305004495a9","hash":"f26a30b40eefef206043592cafe33bea66f5ea09"}
,"C:\\Users\\ASUS\\Desktop\\new\\bytefixers\\backend\\routes\\calendarRoutes.js": {"path":"C:\\Users\\ASUS\\Desktop\\new\\bytefixers\\backend\\routes\\calendarRoutes.js","statementMap":{"0":{"start":{"line":1,"column":16},"end":{"line":1,"column":34}},"1":{"start":{"line":2,"column":15},"end":{"line":2,"column":31}},"2":{"start":{"line":3,"column":22},"end":{"line":3,"column":51}},"3":{"start":{"line":4,"column":13},"end":{"line":4,"column":38}},"4":{"start":{"line":5,"column":16},"end":{"line":5,"column":44}},"5":{"start":{"line":6,"column":16},"end":{"line":6,"column":44}},"6":{"start":{"line":9,"column":0},"end":{"line":85,"column":3}},"7":{"start":{"line":10,"column":2},"end":{"line":84,"column":3}},"8":{"start":{"line":11,"column":26},"end":{"line":11,"column":36}},"9":{"start":{"line":12,"column":35},"end":{"line":12,"column":44}},"10":{"start":{"line":15,"column":23},"end":{"line":15,"column":25}},"11":{"start":{"line":16,"column":4},"end":{"line":19,"column":5}},"12":{"start":{"line":17,"column":6},"end":{"line":17,"column":59}},"13":{"start":{"line":18,"column":6},"end":{"line":18,"column":55}},"14":{"start":{"line":22,"column":19},"end":{"line":29,"column":29}},"15":{"start":{"line":32,"column":18},"end":{"line":37,"column":41}},"16":{"start":{"line":40,"column":21},"end":{"line":46,"column":38}},"17":{"start":{"line":49,"column":23},"end":{"line":61,"column":7}},"18":{"start":{"line":49,"column":44},"end":{"line":61,"column":5}},"19":{"start":{"line":63,"column":26},"end":{"line":75,"column":7}},"20":{"start":{"line":63,"column":53},"end":{"line":75,"column":5}},"21":{"start":{"line":78,"column":22},"end":{"line":78,"column":66}},"22":{"start":{"line":80,"column":4},"end":{"line":80,"column":24}},"23":{"start":{"line":82,"column":4},"end":{"line":82,"column":60}},"24":{"start":{"line":83,"column":4},"end":{"line":83,"column":53}},"25":{"start":{"line":88,"column":0},"end":{"line":103,"column":3}},"26":{"start":{"line":89,"column":2},"end":{"line":102,"column":3}},"27":{"start":{"line":90,"column":24},"end":{"line":90,"column":34}},"28":{"start":{"line":93,"column":4},"end":{"line":95,"column":5}},"29":{"start":{"line":94,"column":6},"end":{"line":94,"column":54}},"30":{"start":{"line":98,"column":4},"end":{"line":98,"column":58}},"31":{"start":{"line":101,"column":4},"end":{"line":101,"column":36}},"32":{"start":{"line":107,"column":2},"end":{"line":107,"column":71}},"33":{"start":{"line":112,"column":25},"end":{"line":112,"column":43}},"34":{"start":{"line":114,"column":16},"end":{"line":116,"column":37}},"35":{"start":{"line":118,"column":2},"end":{"line":120,"column":3}},"36":{"start":{"line":119,"column":4},"end":{"line":119,"column":106}},"37":{"start":{"line":122,"column":2},"end":{"line":122,"column":25}},"38":{"start":{"line":127,"column":15},"end":{"line":129,"column":39}},"39":{"start":{"line":131,"column":2},"end":{"line":131,"column":25}},"40":{"start":{"line":131,"column":13},"end":{"line":131,"column":25}},"41":{"start":{"line":133,"column":2},"end":{"line":145,"column":4}},"42":{"start":{"line":150,"column":18},"end":{"line":153,"column":36}},"43":{"start":{"line":155,"column":2},"end":{"line":155,"column":28}},"44":{"start":{"line":155,"column":16},"end":{"line":155,"column":28}},"45":{"start":{"line":157,"column":2},"end":{"line":169,"column":4}},"46":{"start":{"line":174,"column":16},"end":{"line":177,"column":43}},"47":{"start":{"line":179,"column":2},"end":{"line":181,"column":3}},"48":{"start":{"line":180,"column":4},"end":{"line":180,"column":64}},"49":{"start":{"line":183,"column":2},"end":{"line":183,"column":25}},"50":{"start":{"line":188,"column":2},"end":{"line":188,"column":57}},"51":{"start":{"line":189,"column":2},"end":{"line":189,"column":51}},"52":{"start":{"line":193,"column":0},"end":{"line":209,"column":3}},"53":{"start":{"line":194,"column":2},"end":{"line":208,"column":3}},"54":{"start":{"line":195,"column":18},"end":{"line":195,"column":45}},"55":{"start":{"line":197,"column":4},"end":{"line":197,"column":23}},"56":{"start":{"line":199,"column":27},"end":{"line":202,"column":45}},"57":{"start":{"line":204,"column":4},"end":{"line":204,"column":41}},"58":{"start":{"line":206,"column":4},"end":{"line":206,"column":59}},"59":{"start":{"line":207,"column":4},"end":{"line":207,"column":53}},"60":{"start":{"line":212,"column":0},"end":{"line":270,"column":3}},"61":{"start":{"line":213,"column":2},"end":{"line":269,"column":3}},"62":{"start":{"line":214,"column":24},"end":{"line":214,"column":34}},"63":{"start":{"line":217,"column":4},"end":{"line":253,"column":5}},"64":{"start":{"line":218,"column":21},"end":{"line":218,"column":42}},"65":{"start":{"line":219,"column":19},"end":{"line":219,"column":46}},"66":{"start":{"line":221,"column":6},"end":{"line":221,"column":76}},"67":{"start":{"line":221,"column":17},"end":{"line":221,"column":76}},"68":{"start":{"line":223,"column":6},"end":{"line":223,"column":40}},"69":{"start":{"line":224,"column":6},"end":{"line":224,"column":24}},"70":{"start":{"line":226,"column":6},"end":{"line":235,"column":9}},"71":{"start":{"line":236,"column":11},"end":{"line":253,"column":5}},"72":{"start":{"line":237,"column":24},"end":{"line":237,"column":45}},"73":{"start":{"line":238,"column":22},"end":{"line":238,"column":55}},"74":{"start":{"line":240,"column":6},"end":{"line":241,"column":70}},"75":{"start":{"line":241,"column":8},"end":{"line":241,"column":70}},"76":{"start":{"line":243,"column":6},"end":{"line":243,"column":43}},"77":{"start":{"line":244,"column":6},"end":{"line":244,"column":27}},"78":{"start":{"line":246,"column":6},"end":{"line":252,"column":9}},"79":{"start":{"line":256,"column":18},"end":{"line":261,"column":45}},"80":{"start":{"line":263,"column":4},"end":{"line":263,"column":76}},"81":{"start":{"line":263,"column":16},"end":{"line":263,"column":76}},"82":{"start":{"line":265,"column":4},"end":{"line":265,"column":20}},"83":{"start":{"line":267,"column":4},"end":{"line":267,"column":59}},"84":{"start":{"line":268,"column":4},"end":{"line":268,"column":53}},"85":{"start":{"line":273,"column":0},"end":{"line":294,"column":3}},"86":{"start":{"line":274,"column":2},"end":{"line":293,"column":3}},"87":{"start":{"line":275,"column":24},"end":{"line":275,"column":34}},"88":{"start":{"line":278,"column":4},"end":{"line":283,"column":5}},"89":{"start":{"line":279,"column":6},"end":{"line":282,"column":9}},"90":{"start":{"line":285,"column":19},"end":{"line":285,"column":65}},"91":{"start":{"line":287,"column":4},"end":{"line":287,"column":77}},"92":{"start":{"line":287,"column":17},"end":{"line":287,"column":77}},"93":{"start":{"line":289,"column":4},"end":{"line":289,"column":56}},"94":{"start":{"line":291,"column":4},"end":{"line":291,"column":59}},"95":{"start":{"line":292,"column":4},"end":{"line":292,"column":53}},"96":{"start":{"line":296,"column":0},"end":{"line":296,"column":24}}},"fnMap":{"0":{"name":"(anonymous_0)","decl":{"start":{"line":9,"column":34},"end":{"line":9,"column":35}},"loc":{"start":{"line":9,"column":54},"end":{"line":85,"column":1}},"line":9},"1":{"name":"(anonymous_1)","decl":{"start":{"line":49,"column":33},"end":{"line":49,"column":34}},"loc":{"start":{"line":49,"column":44},"end":{"line":61,"column":5}},"line":49},"2":{"name":"(anonymous_2)","decl":{"start":{"line":63,"column":39},"end":{"line":63,"column":40}},"loc":{"start":{"line":63,"column":53},"end":{"line":75,"column":5}},"line":63},"3":{"name":"(anonymous_3)","decl":{"start":{"line":88,"column":24},"end":{"line":88,"column":25}},"loc":{"start":{"line":88,"column":44},"end":{"line":103,"column":1}},"line":88},"4":{"name":"isSpecialId","decl":{"start":{"line":106,"column":9},"end":{"line":106,"column":20}},"loc":{"start":{"line":106,"column":30},"end":{"line":108,"column":1}},"line":106},"5":{"name":"handleSpecialIdEvent","decl":{"start":{"line":111,"column":15},"end":{"line":111,"column":35}},"loc":{"start":{"line":111,"column":50},"end":{"line":123,"column":1}},"line":111},"6":{"name":"fetchTaskEvent","decl":{"start":{"line":126,"column":15},"end":{"line":126,"column":29}},"loc":{"start":{"line":126,"column":38},"end":{"line":146,"column":1}},"line":126},"7":{"name":"fetchSubtaskEvent","decl":{"start":{"line":149,"column":15},"end":{"line":149,"column":32}},"loc":{"start":{"line":149,"column":41},"end":{"line":170,"column":1}},"line":149},"8":{"name":"handleRegularCalendarEvent","decl":{"start":{"line":173,"column":15},"end":{"line":173,"column":41}},"loc":{"start":{"line":173,"column":56},"end":{"line":184,"column":1}},"line":173},"9":{"name":"handleErrorResponse","decl":{"start":{"line":187,"column":9},"end":{"line":187,"column":28}},"loc":{"start":{"line":187,"column":41},"end":{"line":190,"column":1}},"line":187},"10":{"name":"(anonymous_10)","decl":{"start":{"line":193,"column":17},"end":{"line":193,"column":18}},"loc":{"start":{"line":193,"column":37},"end":{"line":209,"column":1}},"line":193},"11":{"name":"(anonymous_11)","decl":{"start":{"line":212,"column":24},"end":{"line":212,"column":25}},"loc":{"start":{"line":212,"column":44},"end":{"line":270,"column":1}},"line":212},"12":{"name":"(anonymous_12)","decl":{"start":{"line":273,"column":27},"end":{"line":273,"column":28}},"loc":{"start":{"line":273,"column":47},"end":{"line":294,"column":1}},"line":273}},"branchMap":{"0":{"loc":{"start":{"line":16,"column":4},"end":{"line":19,"column":5}},"type":"if","locations":[{"start":{"line":16,"column":4},"end":{"line":19,"column":5}},{"start":{},"end":{}}],"line":16},"1":{"loc":{"start":{"line":16,"column":8},"end":{"line":16,"column":28}},"type":"binary-expr","locations":[{"start":{"line":16,"column":8},"end":{"line":16,"column":17}},{"start":{"line":16,"column":21},"end":{"line":16,"column":28}}],"line":16},"2":{"loc":{"start":{"line":56,"column":14},"end":{"line":56,"column":64}},"type":"cond-expr","locations":[{"start":{"line":56,"column":39},"end":{"line":56,"column":50}},{"start":{"line":56,"column":53},"end":{"line":56,"column":64}}],"line":56},"3":{"loc":{"start":{"line":60,"column":20},"end":{"line":60,"column":60}},"type":"cond-expr","locations":[{"start":{"line":60,"column":36},"end":{"line":60,"column":55}},{"start":{"line":60,"column":58},"end":{"line":60,"column":60}}],"line":60},"4":{"loc":{"start":{"line":70,"column":14},"end":{"line":70,"column":67}},"type":"cond-expr","locations":[{"start":{"line":70,"column":42},"end":{"line":70,"column":53}},{"start":{"line":70,"column":56},"end":{"line":70,"column":67}}],"line":70},"5":{"loc":{"start":{"line":74,"column":20},"end":{"line":74,"column":66}},"type":"cond-expr","locations":[{"start":{"line":74,"column":39},"end":{"line":74,"column":61}},{"start":{"line":74,"column":64},"end":{"line":74,"column":66}}],"line":74},"6":{"loc":{"start":{"line":93,"column":4},"end":{"line":95,"column":5}},"type":"if","locations":[{"start":{"line":93,"column":4},"end":{"line":95,"column":5}},{"start":{},"end":{}}],"line":93},"7":{"loc":{"start":{"line":107,"column":9},"end":{"line":107,"column":70}},"type":"binary-expr","locations":[{"start":{"line":107,"column":9},"end":{"line":107,"column":36}},{"start":{"line":107,"column":40},"end":{"line":107,"column":70}}],"line":107},"8":{"loc":{"start":{"line":114,"column":16},"end":{"line":116,"column":37}},"type":"cond-expr","locations":[{"start":{"line":115,"column":6},"end":{"line":115,"column":34}},{"start":{"line":116,"column":6},"end":{"line":116,"column":37}}],"line":114},"9":{"loc":{"start":{"line":118,"column":2},"end":{"line":120,"column":3}},"type":"if","locations":[{"start":{"line":118,"column":2},"end":{"line":120,"column":3}},{"start":{},"end":{}}],"line":118},"10":{"loc":{"start":{"line":131,"column":2},"end":{"line":131,"column":25}},"type":"if","locations":[{"start":{"line":131,"column":2},"end":{"line":131,"column":25}},{"start":{},"end":{}}],"line":131},"11":{"loc":{"start":{"line":140,"column":12},"end":{"line":140,"column":62}},"type":"cond-expr","locations":[{"start":{"line":140,"column":37},"end":{"line":140,"column":48}},{"start":{"line":140,"column":51},"end":{"line":140,"column":62}}],"line":140},"12":{"loc":{"start":{"line":144,"column":18},"end":{"line":144,"column":54}},"type":"cond-expr","locations":[{"start":{"line":144,"column":34},"end":{"line":144,"column":49}},{"start":{"line":144,"column":52},"end":{"line":144,"column":54}}],"line":144},"13":{"loc":{"start":{"line":155,"column":2},"end":{"line":155,"column":28}},"type":"if","locations":[{"start":{"line":155,"column":2},"end":{"line":155,"column":28}},{"start":{},"end":{}}],"line":155},"14":{"loc":{"start":{"line":164,"column":12},"end":{"line":164,"column":65}},"type":"cond-expr","locations":[{"start":{"line":164,"column":40},"end":{"line":164,"column":51}},{"start":{"line":164,"column":54},"end":{"line":164,"column":65}}],"line":164},"15":{"loc":{"start":{"line":168,"column":18},"end":{"line":168,"column":60}},"type":"cond-expr","locations":[{"start":{"line":168,"column":37},"end":{"line":168,"column":55}},{"start":{"line":168,"column":58},"end":{"line":168,"column":60}}],"line":168},"16":{"loc":{"start":{"line":179,"column":2},"end":{"line":181,"column":3}},"type":"if","locations":[{"start":{"line":179,"column":2},"end":{"line":181,"column":3}},{"start":{},"end":{}}],"line":179},"17":{"loc":{"start":{"line":217,"column":4},"end":{"line":253,"column":5}},"type":"if","locations":[{"start":{"line":217,"column":4},"end":{"line":253,"column":5}},{"start":{"line":236,"column":11},"end":{"line":253,"column":5}}],"line":217},"18":{"loc":{"start":{"line":221,"column":6},"end":{"line":221,"column":76}},"type":"if","locations":[{"start":{"line":221,"column":6},"end":{"line":221,"column":76}},{"start":{},"end":{}}],"line":221},"19":{"loc":{"start":{"line":233,"column":16},"end":{"line":233,"column":66}},"type":"cond-expr","locations":[{"start":{"line":233,"column":41},"end":{"line":233,"column":52}},{"start":{"line":233,"column":55},"end":{"line":233,"column":66}}],"line":233},"20":{"loc":{"start":{"line":236,"column":11},"end":{"line":253,"column":5}},"type":"if","locations":[{"start":{"line":236,"column":11},"end":{"line":253,"column":5}},{"start":{},"end":{}}],"line":236},"21":{"loc":{"start":{"line":240,"column":6},"end":{"line":241,"column":70}},"type":"if","locations":[{"start":{"line":240,"column":6},"end":{"line":241,"column":70}},{"start":{},"end":{}}],"line":240},"22":{"loc":{"start":{"line":263,"column":4},"end":{"line":263,"column":76}},"type":"if","locations":[{"start":{"line":263,"column":4},"end":{"line":263,"column":76}},{"start":{},"end":{}}],"line":263},"23":{"loc":{"start":{"line":278,"column":4},"end":{"line":283,"column":5}},"type":"if","locations":[{"start":{"line":278,"column":4},"end":{"line":283,"column":5}},{"start":{},"end":{}}],"line":278},"24":{"loc":{"start":{"line":278,"column":8},"end":{"line":278,"column":69}},"type":"binary-expr","locations":[{"start":{"line":278,"column":8},"end":{"line":278,"column":35}},{"start":{"line":278,"column":39},"end":{"line":278,"column":69}}],"line":278},"25":{"loc":{"start":{"line":287,"column":4},"end":{"line":287,"column":77}},"type":"if","locations":[{"start":{"line":287,"column":4},"end":{"line":287,"column":77}},{"start":{},"end":{}}],"line":287}},"s":{"0":1,"1":1,"2":1,"3":1,"4":1,"5":1,"6":1,"7":1,"8":1,"9":1,"10":1,"11":1,"12":0,"13":0,"14":1,"15":1,"16":1,"17":1,"18":0,"19":1,"20":0,"21":1,"22":1,"23":0,"24":0,"25":1,"26":2,"27":2,"28":2,"29":1,"30":1,"31":0,"32":2,"33":1,"34":1,"35":1,"36":1,"37":0,"38":1,"39":1,"40":1,"41":0,"42":0,"43":0,"44":0,"45":0,"46":1,"47":1,"48":1,"49":0,"50":0,"51":0,"52":1,"53":1,"54":1,"55":1,"56":0,"57":0,"58":1,"59":1,"60":1,"61":3,"62":3,"63":3,"64":1,"65":1,"66":1,"67":0,"68":1,"69":1,"70":1,"71":2,"72":1,"73":1,"74":1,"75":0,"76":1,"77":1,"78":1,"79":1,"80":1,"81":1,"82":0,"83":0,"84":0,"85":1,"86":4,"87":4,"88":4,"89":2,"90":2,"91":2,"92":1,"93":1,"94":0,"95":0,"96":1},"f":{"0":1,"1":0,"2":0,"3":2,"4":2,"5":1,"6":1,"7":0,"8":1,"9":0,"10":1,"11":3,"12":4},"b":{"0":[0,1],"1":[1,0],"2":[0,0],"3":[0,0],"4":[0,0],"5":[0,0],"6":[1,1],"7":[2,1],"8":[1,0],"9":[1,0],"10":[1,0],"11":[0,0],"12":[0,0],"13":[0,0],"14":[0,0],"15":[0,0],"16":[1,0],"17":[1,2],"18":[0,1],"19":[0,1],"20":[1,1],"21":[0,1],"22":[1,0],"23":[2,2],"24":[4,3],"25":[1,1]},"_coverageSchema":"1a1c01bbd47fc00a2c39e90264f33305004495a9","hash":"09c8157eb5112c03976d54860425fd68883ce280"}
,"C:\\Users\\ASUS\\Desktop\\new\\bytefixers\\backend\\routes\\chatRoutes.js": {"path":"C:\\Users\\ASUS\\Desktop\\new\\bytefixers\\backend\\routes\\chatRoutes.js","statementMap":{"0":{"start":{"line":1,"column":16},"end":{"line":1,"column":34}},"1":{"start":{"line":2,"column":15},"end":{"line":2,"column":31}},"2":{"start":{"line":3,"column":27},"end":{"line":3,"column":66}},"3":{"start":{"line":4,"column":21},"end":{"line":4,"column":54}},"4":{"start":{"line":7,"column":0},"end":{"line":75,"column":3}},"5":{"start":{"line":8,"column":2},"end":{"line":74,"column":3}},"6":{"start":{"line":10,"column":30},"end":{"line":10,"column":38}},"7":{"start":{"line":13,"column":4},"end":{"line":18,"column":5}},"8":{"start":{"line":14,"column":6},"end":{"line":17,"column":9}},"9":{"start":{"line":20,"column":4},"end":{"line":25,"column":5}},"10":{"start":{"line":21,"column":6},"end":{"line":24,"column":9}},"11":{"start":{"line":28,"column":23},"end":{"line":28,"column":79}},"12":{"start":{"line":31,"column":28},"end":{"line":31,"column":45}},"13":{"start":{"line":34,"column":23},"end":{"line":34,"column":78}},"14":{"start":{"line":36,"column":4},"end":{"line":43,"column":5}},"15":{"start":{"line":38,"column":6},"end":{"line":42,"column":9}},"16":{"start":{"line":46,"column":4},"end":{"line":49,"column":7}},"17":{"start":{"line":52,"column":4},"end":{"line":55,"column":7}},"18":{"start":{"line":58,"column":4},"end":{"line":58,"column":30}},"19":{"start":{"line":61,"column":4},"end":{"line":66,"column":7}},"20":{"start":{"line":68,"column":4},"end":{"line":68,"column":43}},"21":{"start":{"line":69,"column":4},"end":{"line":73,"column":7}},"22":{"start":{"line":78,"column":0},"end":{"line":116,"column":3}},"23":{"start":{"line":79,"column":2},"end":{"line":115,"column":3}},"24":{"start":{"line":80,"column":23},"end":{"line":80,"column":31}},"25":{"start":{"line":82,"column":4},"end":{"line":87,"column":5}},"26":{"start":{"line":83,"column":6},"end":{"line":86,"column":9}},"27":{"start":{"line":90,"column":28},"end":{"line":90,"column":45}},"28":{"start":{"line":93,"column":23},"end":{"line":93,"column":78}},"29":{"start":{"line":95,"column":4},"end":{"line":101,"column":5}},"30":{"start":{"line":96,"column":6},"end":{"line":100,"column":9}},"31":{"start":{"line":103,"column":4},"end":{"line":107,"column":7}},"32":{"start":{"line":109,"column":4},"end":{"line":109,"column":48}},"33":{"start":{"line":110,"column":4},"end":{"line":114,"column":7}},"34":{"start":{"line":119,"column":0},"end":{"line":159,"column":3}},"35":{"start":{"line":120,"column":2},"end":{"line":158,"column":3}},"36":{"start":{"line":121,"column":23},"end":{"line":121,"column":31}},"37":{"start":{"line":123,"column":4},"end":{"line":128,"column":5}},"38":{"start":{"line":124,"column":6},"end":{"line":127,"column":9}},"39":{"start":{"line":131,"column":28},"end":{"line":131,"column":45}},"40":{"start":{"line":134,"column":23},"end":{"line":134,"column":78}},"41":{"start":{"line":136,"column":4},"end":{"line":141,"column":5}},"42":{"start":{"line":137,"column":6},"end":{"line":140,"column":9}},"43":{"start":{"line":144,"column":4},"end":{"line":144,"column":31}},"44":{"start":{"line":145,"column":4},"end":{"line":145,"column":30}},"45":{"start":{"line":147,"column":4},"end":{"line":150,"column":7}},"46":{"start":{"line":152,"column":4},"end":{"line":152,"column":48}},"47":{"start":{"line":153,"column":4},"end":{"line":157,"column":7}},"48":{"start":{"line":161,"column":0},"end":{"line":161,"column":24}}},"fnMap":{"0":{"name":"(anonymous_0)","decl":{"start":{"line":7,"column":21},"end":{"line":7,"column":22}},"loc":{"start":{"line":7,"column":41},"end":{"line":75,"column":1}},"line":7},"1":{"name":"(anonymous_1)","decl":{"start":{"line":78,"column":29},"end":{"line":78,"column":30}},"loc":{"start":{"line":78,"column":49},"end":{"line":116,"column":1}},"line":78},"2":{"name":"(anonymous_2)","decl":{"start":{"line":119,"column":38},"end":{"line":119,"column":39}},"loc":{"start":{"line":119,"column":58},"end":{"line":159,"column":1}},"line":119}},"branchMap":{"0":{"loc":{"start":{"line":13,"column":4},"end":{"line":18,"column":5}},"type":"if","locations":[{"start":{"line":13,"column":4},"end":{"line":18,"column":5}},{"start":{},"end":{}}],"line":13},"1":{"loc":{"start":{"line":20,"column":4},"end":{"line":25,"column":5}},"type":"if","locations":[{"start":{"line":20,"column":4},"end":{"line":25,"column":5}},{"start":{},"end":{}}],"line":20},"2":{"loc":{"start":{"line":36,"column":4},"end":{"line":43,"column":5}},"type":"if","locations":[{"start":{"line":36,"column":4},"end":{"line":43,"column":5}},{"start":{},"end":{}}],"line":36},"3":{"loc":{"start":{"line":82,"column":4},"end":{"line":87,"column":5}},"type":"if","locations":[{"start":{"line":82,"column":4},"end":{"line":87,"column":5}},{"start":{},"end":{}}],"line":82},"4":{"loc":{"start":{"line":95,"column":4},"end":{"line":101,"column":5}},"type":"if","locations":[{"start":{"line":95,"column":4},"end":{"line":101,"column":5}},{"start":{},"end":{}}],"line":95},"5":{"loc":{"start":{"line":123,"column":4},"end":{"line":128,"column":5}},"type":"if","locations":[{"start":{"line":123,"column":4},"end":{"line":128,"column":5}},{"start":{},"end":{}}],"line":123},"6":{"loc":{"start":{"line":136,"column":4},"end":{"line":141,"column":5}},"type":"if","locations":[{"start":{"line":136,"column":4},"end":{"line":141,"column":5}},{"start":{},"end":{}}],"line":136}},"s":{"0":1,"1":1,"2":1,"3":1,"4":1,"5":5,"6":5,"7":5,"8":1,"9":4,"10":1,"11":3,"12":2,"13":2,"14":2,"15":1,"16":2,"17":2,"18":2,"19":2,"20":1,"21":1,"22":1,"23":3,"24":3,"25":3,"26":1,"27":2,"28":2,"29":2,"30":1,"31":1,"32":0,"33":0,"34":1,"35":3,"36":3,"37":3,"38":1,"39":2,"40":2,"41":2,"42":1,"43":1,"44":1,"45":1,"46":0,"47":0,"48":1},"f":{"0":5,"1":3,"2":3},"b":{"0":[1,4],"1":[1,3],"2":[1,1],"3":[1,2],"4":[1,1],"5":[1,2],"6":[1,1]},"_coverageSchema":"1a1c01bbd47fc00a2c39e90264f33305004495a9","hash":"d0061186f072d825f1e9e5e58c6307d0a0ffca6c"}
,"C:\\Users\\ASUS\\Desktop\\new\\bytefixers\\backend\\routes\\fileRoutes.js": {"path":"C:\\Users\\ASUS\\Desktop\\new\\bytefixers\\backend\\routes\\fileRoutes.js","statementMap":{"0":{"start":{"line":1,"column":16},"end":{"line":1,"column":34}},"1":{"start":{"line":2,"column":15},"end":{"line":2,"column":31}},"2":{"start":{"line":3,"column":13},"end":{"line":3,"column":38}},"3":{"start":{"line":4,"column":31},"end":{"line":4,"column":68}},"4":{"start":{"line":5,"column":16},"end":{"line":5,"column":44}},"5":{"start":{"line":6,"column":14},"end":{"line":6,"column":30}},"6":{"start":{"line":7,"column":19},"end":{"line":7,"column":50}},"7":{"start":{"line":8,"column":14},"end":{"line":8,"column":35}},"8":{"start":{"line":10,"column":0},"end":{"line":86,"column":3}},"9":{"start":{"line":11,"column":2},"end":{"line":85,"column":3}},"10":{"start":{"line":12,"column":23},"end":{"line":12,"column":33}},"11":{"start":{"line":13,"column":23},"end":{"line":13,"column":31}},"12":{"start":{"line":16,"column":4},"end":{"line":18,"column":5}},"13":{"start":{"line":17,"column":6},"end":{"line":17,"column":67}},"14":{"start":{"line":20,"column":4},"end":{"line":20,"column":55}},"15":{"start":{"line":23,"column":26},"end":{"line":23,"column":78}},"16":{"start":{"line":27,"column":18},"end":{"line":27,"column":31}},"17":{"start":{"line":30,"column":4},"end":{"line":32,"column":5}},"18":{"start":{"line":31,"column":6},"end":{"line":31,"column":46}},"19":{"start":{"line":35,"column":24},"end":{"line":44,"column":5}},"20":{"start":{"line":47,"column":17},"end":{"line":47,"column":44}},"21":{"start":{"line":48,"column":4},"end":{"line":50,"column":5}},"22":{"start":{"line":49,"column":6},"end":{"line":49,"column":65}},"23":{"start":{"line":53,"column":4},"end":{"line":55,"column":5}},"24":{"start":{"line":54,"column":6},"end":{"line":54,"column":28}},"25":{"start":{"line":58,"column":4},"end":{"line":58,"column":39}},"26":{"start":{"line":61,"column":4},"end":{"line":70,"column":7}},"27":{"start":{"line":72,"column":4},"end":{"line":72,"column":22}},"28":{"start":{"line":75,"column":24},"end":{"line":79,"column":55}},"29":{"start":{"line":81,"column":4},"end":{"line":81,"column":38}},"30":{"start":{"line":83,"column":4},"end":{"line":83,"column":50}},"31":{"start":{"line":84,"column":4},"end":{"line":84,"column":76}},"32":{"start":{"line":89,"column":0},"end":{"line":152,"column":3}},"33":{"start":{"line":90,"column":2},"end":{"line":151,"column":3}},"34":{"start":{"line":91,"column":31},"end":{"line":91,"column":41}},"35":{"start":{"line":92,"column":23},"end":{"line":92,"column":31}},"36":{"start":{"line":95,"column":17},"end":{"line":95,"column":44}},"37":{"start":{"line":96,"column":4},"end":{"line":98,"column":5}},"38":{"start":{"line":97,"column":6},"end":{"line":97,"column":65}},"39":{"start":{"line":101,"column":22},"end":{"line":103,"column":5}},"40":{"start":{"line":102,"column":22},"end":{"line":102,"column":58}},"41":{"start":{"line":105,"column":4},"end":{"line":107,"column":5}},"42":{"start":{"line":106,"column":6},"end":{"line":106,"column":65}},"43":{"start":{"line":110,"column":24},"end":{"line":110,"column":51}},"44":{"start":{"line":115,"column":20},"end":{"line":115,"column":39}},"45":{"start":{"line":116,"column":26},"end":{"line":116,"column":58}},"46":{"start":{"line":118,"column":4},"end":{"line":121,"column":5}},"47":{"start":{"line":120,"column":6},"end":{"line":120,"column":58}},"48":{"start":{"line":124,"column":4},"end":{"line":124,"column":42}},"49":{"start":{"line":127,"column":4},"end":{"line":135,"column":7}},"50":{"start":{"line":138,"column":4},"end":{"line":138,"column":22}},"51":{"start":{"line":141,"column":24},"end":{"line":145,"column":55}},"52":{"start":{"line":147,"column":4},"end":{"line":147,"column":38}},"53":{"start":{"line":149,"column":4},"end":{"line":149,"column":49}},"54":{"start":{"line":150,"column":4},"end":{"line":150,"column":76}},"55":{"start":{"line":155,"column":0},"end":{"line":173,"column":3}},"56":{"start":{"line":156,"column":2},"end":{"line":172,"column":3}},"57":{"start":{"line":157,"column":23},"end":{"line":157,"column":33}},"58":{"start":{"line":160,"column":17},"end":{"line":162,"column":55}},"59":{"start":{"line":164,"column":4},"end":{"line":166,"column":5}},"60":{"start":{"line":165,"column":6},"end":{"line":165,"column":65}},"61":{"start":{"line":168,"column":4},"end":{"line":168,"column":49}},"62":{"start":{"line":170,"column":4},"end":{"line":170,"column":50}},"63":{"start":{"line":171,"column":4},"end":{"line":171,"column":76}},"64":{"start":{"line":177,"column":2},"end":{"line":177,"column":31}},"65":{"start":{"line":177,"column":14},"end":{"line":177,"column":31}},"66":{"start":{"line":179,"column":16},"end":{"line":179,"column":43}},"67":{"start":{"line":180,"column":12},"end":{"line":180,"column":56}},"68":{"start":{"line":182,"column":2},"end":{"line":182,"column":77}},"69":{"start":{"line":186,"column":0},"end":{"line":276,"column":3}},"70":{"start":{"line":187,"column":2},"end":{"line":275,"column":3}},"71":{"start":{"line":188,"column":23},"end":{"line":188,"column":33}},"72":{"start":{"line":189,"column":4},"end":{"line":189,"column":54}},"73":{"start":{"line":192,"column":21},"end":{"line":194,"column":30}},"74":{"start":{"line":196,"column":4},"end":{"line":199,"column":5}},"75":{"start":{"line":197,"column":6},"end":{"line":197,"column":53}},"76":{"start":{"line":198,"column":6},"end":{"line":198,"column":38}},"77":{"start":{"line":201,"column":4},"end":{"line":201,"column":62}},"78":{"start":{"line":204,"column":19},"end":{"line":204,"column":21}},"79":{"start":{"line":206,"column":4},"end":{"line":253,"column":5}},"80":{"start":{"line":207,"column":6},"end":{"line":207,"column":74}},"81":{"start":{"line":210,"column":6},"end":{"line":217,"column":7}},"82":{"start":{"line":215,"column":8},"end":{"line":215,"column":69}},"83":{"start":{"line":216,"column":8},"end":{"line":216,"column":17}},"84":{"start":{"line":219,"column":6},"end":{"line":219,"column":62}},"85":{"start":{"line":222,"column":20},"end":{"line":226,"column":36}},"86":{"start":{"line":228,"column":6},"end":{"line":228,"column":76}},"87":{"start":{"line":231,"column":22},"end":{"line":231,"column":23}},"88":{"start":{"line":232,"column":6},"end":{"line":250,"column":9}},"89":{"start":{"line":233,"column":8},"end":{"line":249,"column":9}},"90":{"start":{"line":234,"column":10},"end":{"line":234,"column":47}},"91":{"start":{"line":237,"column":35},"end":{"line":246,"column":12}},"92":{"start":{"line":238,"column":28},"end":{"line":238,"column":43}},"93":{"start":{"line":239,"column":12},"end":{"line":245,"column":14}},"94":{"start":{"line":248,"column":10},"end":{"line":248,"column":55}},"95":{"start":{"line":252,"column":6},"end":{"line":252,"column":74}},"96":{"start":{"line":256,"column":4},"end":{"line":258,"column":6}},"97":{"start":{"line":257,"column":16},"end":{"line":257,"column":73}},"98":{"start":{"line":260,"column":4},"end":{"line":260,"column":60}},"99":{"start":{"line":263,"column":28},"end":{"line":268,"column":7}},"100":{"start":{"line":263,"column":52},"end":{"line":268,"column":5}},"101":{"start":{"line":269,"column":4},"end":{"line":269,"column":76}},"102":{"start":{"line":271,"column":4},"end":{"line":271,"column":35}},"103":{"start":{"line":273,"column":4},"end":{"line":273,"column":55}},"104":{"start":{"line":274,"column":4},"end":{"line":274,"column":76}},"105":{"start":{"line":284,"column":14},"end":{"line":284,"column":30}},"106":{"start":{"line":287,"column":0},"end":{"line":356,"column":3}},"107":{"start":{"line":288,"column":2},"end":{"line":355,"column":3}},"108":{"start":{"line":289,"column":31},"end":{"line":289,"column":41}},"109":{"start":{"line":292,"column":17},"end":{"line":292,"column":44}},"110":{"start":{"line":293,"column":4},"end":{"line":295,"column":5}},"111":{"start":{"line":294,"column":6},"end":{"line":294,"column":65}},"112":{"start":{"line":298,"column":17},"end":{"line":300,"column":5}},"113":{"start":{"line":299,"column":22},"end":{"line":299,"column":58}},"114":{"start":{"line":302,"column":4},"end":{"line":304,"column":5}},"115":{"start":{"line":303,"column":6},"end":{"line":303,"column":65}},"116":{"start":{"line":306,"column":4},"end":{"line":306,"column":70}},"117":{"start":{"line":310,"column":18},"end":{"line":310,"column":34}},"118":{"start":{"line":313,"column":4},"end":{"line":313,"column":79}},"119":{"start":{"line":314,"column":4},"end":{"line":317,"column":6}},"120":{"start":{"line":321,"column":4},"end":{"line":349,"column":9}},"121":{"start":{"line":324,"column":8},"end":{"line":331,"column":9}},"122":{"start":{"line":325,"column":10},"end":{"line":327,"column":12}},"123":{"start":{"line":328,"column":10},"end":{"line":330,"column":13}},"124":{"start":{"line":334,"column":8},"end":{"line":339,"column":9}},"125":{"start":{"line":335,"column":10},"end":{"line":338,"column":12}},"126":{"start":{"line":342,"column":8},"end":{"line":342,"column":37}},"127":{"start":{"line":345,"column":8},"end":{"line":345,"column":58}},"128":{"start":{"line":346,"column":8},"end":{"line":348,"column":71}},"129":{"start":{"line":351,"column":4},"end":{"line":351,"column":52}},"130":{"start":{"line":352,"column":4},"end":{"line":354,"column":69}},"131":{"start":{"line":357,"column":0},"end":{"line":357,"column":24}}},"fnMap":{"0":{"name":"(anonymous_0)","decl":{"start":{"line":10,"column":54},"end":{"line":10,"column":55}},"loc":{"start":{"line":10,"column":74},"end":{"line":86,"column":1}},"line":10},"1":{"name":"(anonymous_1)","decl":{"start":{"line":89,"column":34},"end":{"line":89,"column":35}},"loc":{"start":{"line":89,"column":54},"end":{"line":152,"column":1}},"line":89},"2":{"name":"(anonymous_2)","decl":{"start":{"line":102,"column":6},"end":{"line":102,"column":7}},"loc":{"start":{"line":102,"column":22},"end":{"line":102,"column":58}},"line":102},"3":{"name":"(anonymous_3)","decl":{"start":{"line":155,"column":29},"end":{"line":155,"column":30}},"loc":{"start":{"line":155,"column":49},"end":{"line":173,"column":1}},"line":155},"4":{"name":"formatFileSize","decl":{"start":{"line":176,"column":9},"end":{"line":176,"column":23}},"loc":{"start":{"line":176,"column":31},"end":{"line":183,"column":1}},"line":176},"5":{"name":"(anonymous_5)","decl":{"start":{"line":186,"column":28},"end":{"line":186,"column":29}},"loc":{"start":{"line":186,"column":48},"end":{"line":276,"column":1}},"line":186},"6":{"name":"(anonymous_6)","decl":{"start":{"line":232,"column":20},"end":{"line":232,"column":21}},"loc":{"start":{"line":232,"column":30},"end":{"line":250,"column":7}},"line":232},"7":{"name":"(anonymous_7)","decl":{"start":{"line":237,"column":56},"end":{"line":237,"column":57}},"loc":{"start":{"line":237,"column":66},"end":{"line":246,"column":11}},"line":237},"8":{"name":"(anonymous_8)","decl":{"start":{"line":257,"column":6},"end":{"line":257,"column":7}},"loc":{"start":{"line":257,"column":16},"end":{"line":257,"column":73}},"line":257},"9":{"name":"(anonymous_9)","decl":{"start":{"line":263,"column":41},"end":{"line":263,"column":42}},"loc":{"start":{"line":263,"column":52},"end":{"line":268,"column":5}},"line":263},"10":{"name":"(anonymous_10)","decl":{"start":{"line":287,"column":40},"end":{"line":287,"column":41}},"loc":{"start":{"line":287,"column":60},"end":{"line":356,"column":1}},"line":287},"11":{"name":"(anonymous_11)","decl":{"start":{"line":299,"column":6},"end":{"line":299,"column":7}},"loc":{"start":{"line":299,"column":22},"end":{"line":299,"column":58}},"line":299},"12":{"name":"(anonymous_12)","decl":{"start":{"line":322,"column":25},"end":{"line":322,"column":26}},"loc":{"start":{"line":322,"column":49},"end":{"line":343,"column":7}},"line":322},"13":{"name":"(anonymous_13)","decl":{"start":{"line":344,"column":19},"end":{"line":344,"column":20}},"loc":{"start":{"line":344,"column":28},"end":{"line":349,"column":7}},"line":344}},"branchMap":{"0":{"loc":{"start":{"line":16,"column":4},"end":{"line":18,"column":5}},"type":"if","locations":[{"start":{"line":16,"column":4},"end":{"line":18,"column":5}},{"start":{},"end":{}}],"line":16},"1":{"loc":{"start":{"line":30,"column":4},"end":{"line":32,"column":5}},"type":"if","locations":[{"start":{"line":30,"column":4},"end":{"line":32,"column":5}},{"start":{},"end":{}}],"line":30},"2":{"loc":{"start":{"line":48,"column":4},"end":{"line":50,"column":5}},"type":"if","locations":[{"start":{"line":48,"column":4},"end":{"line":50,"column":5}},{"start":{},"end":{}}],"line":48},"3":{"loc":{"start":{"line":53,"column":4},"end":{"line":55,"column":5}},"type":"if","locations":[{"start":{"line":53,"column":4},"end":{"line":55,"column":5}},{"start":{},"end":{}}],"line":53},"4":{"loc":{"start":{"line":96,"column":4},"end":{"line":98,"column":5}},"type":"if","locations":[{"start":{"line":96,"column":4},"end":{"line":98,"column":5}},{"start":{},"end":{}}],"line":96},"5":{"loc":{"start":{"line":105,"column":4},"end":{"line":107,"column":5}},"type":"if","locations":[{"start":{"line":105,"column":4},"end":{"line":107,"column":5}},{"start":{},"end":{}}],"line":105},"6":{"loc":{"start":{"line":118,"column":4},"end":{"line":121,"column":5}},"type":"if","locations":[{"start":{"line":118,"column":4},"end":{"line":121,"column":5}},{"start":{},"end":{}}],"line":118},"7":{"loc":{"start":{"line":164,"column":4},"end":{"line":166,"column":5}},"type":"if","locations":[{"start":{"line":164,"column":4},"end":{"line":166,"column":5}},{"start":{},"end":{}}],"line":164},"8":{"loc":{"start":{"line":168,"column":25},"end":{"line":168,"column":47}},"type":"binary-expr","locations":[{"start":{"line":168,"column":25},"end":{"line":168,"column":41}},{"start":{"line":168,"column":45},"end":{"line":168,"column":47}}],"line":168},"9":{"loc":{"start":{"line":177,"column":2},"end":{"line":177,"column":31}},"type":"if","locations":[{"start":{"line":177,"column":2},"end":{"line":177,"column":31}},{"start":{},"end":{}}],"line":177},"10":{"loc":{"start":{"line":196,"column":4},"end":{"line":199,"column":5}},"type":"if","locations":[{"start":{"line":196,"column":4},"end":{"line":199,"column":5}},{"start":{},"end":{}}],"line":196},"11":{"loc":{"start":{"line":196,"column":8},"end":{"line":196,"column":42}},"type":"binary-expr","locations":[{"start":{"line":196,"column":8},"end":{"line":196,"column":17}},{"start":{"line":196,"column":21},"end":{"line":196,"column":42}}],"line":196},"12":{"loc":{"start":{"line":210,"column":6},"end":{"line":217,"column":7}},"type":"if","locations":[{"start":{"line":210,"column":6},"end":{"line":217,"column":7}},{"start":{},"end":{}}],"line":210},"13":{"loc":{"start":{"line":211,"column":8},"end":{"line":213,"column":33}},"type":"binary-expr","locations":[{"start":{"line":211,"column":8},"end":{"line":211,"column":21}},{"start":{"line":212,"column":8},"end":{"line":212,"column":36}},{"start":{"line":213,"column":8},"end":{"line":213,"column":33}}],"line":211},"14":{"loc":{"start":{"line":233,"column":8},"end":{"line":249,"column":9}},"type":"if","locations":[{"start":{"line":233,"column":8},"end":{"line":249,"column":9}},{"start":{},"end":{}}],"line":233},"15":{"loc":{"start":{"line":233,"column":12},"end":{"line":233,"column":59}},"type":"binary-expr","locations":[{"start":{"line":233,"column":12},"end":{"line":233,"column":28}},{"start":{"line":233,"column":32},"end":{"line":233,"column":59}}],"line":233},"16":{"loc":{"start":{"line":257,"column":25},"end":{"line":257,"column":42}},"type":"binary-expr","locations":[{"start":{"line":257,"column":25},"end":{"line":257,"column":37}},{"start":{"line":257,"column":41},"end":{"line":257,"column":42}}],"line":257},"17":{"loc":{"start":{"line":257,"column":55},"end":{"line":257,"column":72}},"type":"binary-expr","locations":[{"start":{"line":257,"column":55},"end":{"line":257,"column":67}},{"start":{"line":257,"column":71},"end":{"line":257,"column":72}}],"line":257},"18":{"loc":{"start":{"line":293,"column":4},"end":{"line":295,"column":5}},"type":"if","locations":[{"start":{"line":293,"column":4},"end":{"line":295,"column":5}},{"start":{},"end":{}}],"line":293},"19":{"loc":{"start":{"line":302,"column":4},"end":{"line":304,"column":5}},"type":"if","locations":[{"start":{"line":302,"column":4},"end":{"line":304,"column":5}},{"start":{},"end":{}}],"line":302},"20":{"loc":{"start":{"line":313,"column":34},"end":{"line":313,"column":77}},"type":"binary-expr","locations":[{"start":{"line":313,"column":34},"end":{"line":313,"column":47}},{"start":{"line":313,"column":51},"end":{"line":313,"column":77}}],"line":313},"21":{"loc":{"start":{"line":324,"column":8},"end":{"line":331,"column":9}},"type":"if","locations":[{"start":{"line":324,"column":8},"end":{"line":331,"column":9}},{"start":{},"end":{}}],"line":324},"22":{"loc":{"start":{"line":334,"column":8},"end":{"line":339,"column":9}},"type":"if","locations":[{"start":{"line":334,"column":8},"end":{"line":339,"column":9}},{"start":{},"end":{}}],"line":334}},"s":{"0":1,"1":1,"2":1,"3":1,"4":1,"5":1,"6":1,"7":1,"8":1,"9":1,"10":1,"11":1,"12":1,"13":0,"14":1,"15":1,"16":1,"17":1,"18":1,"19":1,"20":1,"21":1,"22":1,"23":0,"24":0,"25":0,"26":0,"27":0,"28":0,"29":0,"30":0,"31":0,"32":1,"33":2,"34":2,"35":2,"36":2,"37":2,"38":1,"39":1,"40":1,"41":1,"42":1,"43":0,"44":0,"45":0,"46":0,"47":0,"48":0,"49":0,"50":0,"51":0,"52":0,"53":0,"54":0,"55":1,"56":1,"57":1,"58":1,"59":1,"60":1,"61":0,"62":0,"63":0,"64":0,"65":0,"66":0,"67":0,"68":0,"69":1,"70":1,"71":1,"72":1,"73":1,"74":1,"75":1,"76":1,"77":0,"78":0,"79":0,"80":0,"81":0,"82":0,"83":0,"84":0,"85":0,"86":0,"87":0,"88":0,"89":0,"90":0,"91":0,"92":0,"93":0,"94":0,"95":0,"96":0,"97":0,"98":0,"99":0,"100":0,"101":0,"102":0,"103":0,"104":0,"105":1,"106":1,"107":3,"108":3,"109":3,"110":3,"111":1,"112":2,"113":2,"114":2,"115":1,"116":1,"117":1,"118":1,"119":1,"120":1,"121":1,"122":0,"123":0,"124":1,"125":1,"126":1,"127":0,"128":0,"129":0,"130":0,"131":1},"f":{"0":1,"1":2,"2":1,"3":1,"4":0,"5":1,"6":0,"7":0,"8":0,"9":0,"10":3,"11":2,"12":1,"13":0},"b":{"0":[0,1],"1":[1,0],"2":[1,0],"3":[0,0],"4":[1,1],"5":[1,0],"6":[0,0],"7":[1,0],"8":[0,0],"9":[0,0],"10":[1,0],"11":[1,1],"12":[0,0],"13":[0,0,0],"14":[0,0],"15":[0,0],"16":[0,0],"17":[0,0],"18":[1,2],"19":[1,1],"20":[1,0],"21":[0,1],"22":[1,0]},"_coverageSchema":"1a1c01bbd47fc00a2c39e90264f33305004495a9","hash":"4eff0a8ff850fafceaa751389425ea694a9d9277"}
,"C:\\Users\\ASUS\\Desktop\\new\\bytefixers\\backend\\routes\\notificationRoutes.js": {"path":"C:\\Users\\ASUS\\Desktop\\new\\bytefixers\\backend\\routes\\notificationRoutes.js","statementMap":{"0":{"start":{"line":1,"column":16},"end":{"line":1,"column":34}},"1":{"start":{"line":2,"column":15},"end":{"line":2,"column":31}},"2":{"start":{"line":3,"column":21},"end":{"line":3,"column":54}},"3":{"start":{"line":4,"column":16},"end":{"line":4,"column":44}},"4":{"start":{"line":5,"column":13},"end":{"line":5,"column":38}},"5":{"start":{"line":6,"column":17},"end":{"line":6,"column":36}},"6":{"start":{"line":9,"column":0},"end":{"line":37,"column":3}},"7":{"start":{"line":10,"column":2},"end":{"line":36,"column":3}},"8":{"start":{"line":11,"column":23},"end":{"line":11,"column":33}},"9":{"start":{"line":12,"column":17},"end":{"line":12,"column":46}},"10":{"start":{"line":13,"column":18},"end":{"line":13,"column":50}},"11":{"start":{"line":15,"column":26},"end":{"line":23,"column":19}},"12":{"start":{"line":25,"column":18},"end":{"line":25,"column":75}},"13":{"start":{"line":27,"column":4},"end":{"line":32,"column":7}},"14":{"start":{"line":34,"column":4},"end":{"line":34,"column":58}},"15":{"start":{"line":35,"column":4},"end":{"line":35,"column":53}},"16":{"start":{"line":40,"column":0},"end":{"line":92,"column":3}},"17":{"start":{"line":41,"column":2},"end":{"line":91,"column":3}},"18":{"start":{"line":43,"column":6},"end":{"line":43,"column":14}},"19":{"start":{"line":46,"column":20},"end":{"line":46,"column":73}},"20":{"start":{"line":47,"column":4},"end":{"line":49,"column":5}},"21":{"start":{"line":48,"column":6},"end":{"line":48,"column":68}},"22":{"start":{"line":52,"column":31},"end":{"line":52,"column":33}},"23":{"start":{"line":53,"column":4},"end":{"line":59,"column":5}},"24":{"start":{"line":54,"column":19},"end":{"line":54,"column":46}},"25":{"start":{"line":55,"column":6},"end":{"line":58,"column":7}},"26":{"start":{"line":56,"column":8},"end":{"line":56,"column":68}},"27":{"start":{"line":56,"column":27},"end":{"line":56,"column":68}},"28":{"start":{"line":57,"column":8},"end":{"line":57,"column":68}},"29":{"start":{"line":57,"column":27},"end":{"line":57,"column":68}},"30":{"start":{"line":62,"column":26},"end":{"line":67,"column":5}},"31":{"start":{"line":64,"column":43},"end":{"line":64,"column":64}},"32":{"start":{"line":65,"column":44},"end":{"line":65,"column":57}},"33":{"start":{"line":69,"column":25},"end":{"line":77,"column":6}},"34":{"start":{"line":79,"column":4},"end":{"line":79,"column":30}},"35":{"start":{"line":81,"column":34},"end":{"line":85,"column":43}},"36":{"start":{"line":86,"column":4},"end":{"line":86,"column":66}},"37":{"start":{"line":87,"column":4},"end":{"line":87,"column":48}},"38":{"start":{"line":89,"column":4},"end":{"line":89,"column":57}},"39":{"start":{"line":90,"column":4},"end":{"line":90,"column":53}},"40":{"start":{"line":95,"column":0},"end":{"line":115,"column":3}},"41":{"start":{"line":96,"column":2},"end":{"line":114,"column":3}},"42":{"start":{"line":97,"column":31},"end":{"line":97,"column":41}},"43":{"start":{"line":98,"column":23},"end":{"line":98,"column":31}},"44":{"start":{"line":100,"column":25},"end":{"line":100,"column":68}},"45":{"start":{"line":101,"column":4},"end":{"line":103,"column":5}},"46":{"start":{"line":102,"column":6},"end":{"line":102,"column":73}},"47":{"start":{"line":106,"column":4},"end":{"line":109,"column":5}},"48":{"start":{"line":106,"column":39},"end":{"line":106,"column":69}},"49":{"start":{"line":107,"column":6},"end":{"line":107,"column":61}},"50":{"start":{"line":108,"column":6},"end":{"line":108,"column":32}},"51":{"start":{"line":111,"column":4},"end":{"line":111,"column":27}},"52":{"start":{"line":113,"column":4},"end":{"line":113,"column":53}},"53":{"start":{"line":118,"column":0},"end":{"line":145,"column":3}},"54":{"start":{"line":119,"column":2},"end":{"line":144,"column":3}},"55":{"start":{"line":120,"column":23},"end":{"line":120,"column":31}},"56":{"start":{"line":123,"column":4},"end":{"line":125,"column":5}},"57":{"start":{"line":124,"column":6},"end":{"line":124,"column":73}},"58":{"start":{"line":128,"column":28},"end":{"line":128,"column":63}},"59":{"start":{"line":131,"column":26},"end":{"line":131,"column":82}},"60":{"start":{"line":134,"column":4},"end":{"line":139,"column":5}},"61":{"start":{"line":135,"column":6},"end":{"line":138,"column":7}},"62":{"start":{"line":135,"column":41},"end":{"line":135,"column":71}},"63":{"start":{"line":136,"column":8},"end":{"line":136,"column":63}},"64":{"start":{"line":137,"column":8},"end":{"line":137,"column":34}},"65":{"start":{"line":141,"column":4},"end":{"line":141,"column":62}},"66":{"start":{"line":143,"column":4},"end":{"line":143,"column":53}},"67":{"start":{"line":148,"column":0},"end":{"line":185,"column":3}},"68":{"start":{"line":149,"column":2},"end":{"line":184,"column":3}},"69":{"start":{"line":150,"column":23},"end":{"line":150,"column":31}},"70":{"start":{"line":153,"column":4},"end":{"line":155,"column":5}},"71":{"start":{"line":154,"column":6},"end":{"line":154,"column":73}},"72":{"start":{"line":158,"column":28},"end":{"line":158,"column":63}},"73":{"start":{"line":161,"column":26},"end":{"line":161,"column":82}},"74":{"start":{"line":164,"column":4},"end":{"line":178,"column":6}},"75":{"start":{"line":166,"column":8},"end":{"line":168,"column":10}},"76":{"start":{"line":167,"column":27},"end":{"line":167,"column":60}},"77":{"start":{"line":170,"column":8},"end":{"line":176,"column":9}},"78":{"start":{"line":172,"column":10},"end":{"line":172,"column":65}},"79":{"start":{"line":175,"column":10},"end":{"line":175,"column":36}},"80":{"start":{"line":180,"column":4},"end":{"line":180,"column":64}},"81":{"start":{"line":182,"column":4},"end":{"line":182,"column":58}},"82":{"start":{"line":183,"column":4},"end":{"line":183,"column":53}},"83":{"start":{"line":188,"column":0},"end":{"line":214,"column":3}},"84":{"start":{"line":189,"column":2},"end":{"line":213,"column":3}},"85":{"start":{"line":190,"column":31},"end":{"line":190,"column":41}},"86":{"start":{"line":191,"column":23},"end":{"line":191,"column":31}},"87":{"start":{"line":194,"column":25},"end":{"line":198,"column":5}},"88":{"start":{"line":200,"column":4},"end":{"line":202,"column":5}},"89":{"start":{"line":201,"column":6},"end":{"line":201,"column":73}},"90":{"start":{"line":205,"column":4},"end":{"line":207,"column":5}},"91":{"start":{"line":206,"column":6},"end":{"line":206,"column":59}},"92":{"start":{"line":209,"column":4},"end":{"line":209,"column":59}},"93":{"start":{"line":211,"column":4},"end":{"line":211,"column":57}},"94":{"start":{"line":212,"column":4},"end":{"line":212,"column":53}},"95":{"start":{"line":217,"column":0},"end":{"line":231,"column":3}},"96":{"start":{"line":218,"column":2},"end":{"line":230,"column":3}},"97":{"start":{"line":219,"column":23},"end":{"line":219,"column":33}},"98":{"start":{"line":221,"column":18},"end":{"line":224,"column":6}},"99":{"start":{"line":226,"column":4},"end":{"line":226,"column":37}},"100":{"start":{"line":228,"column":4},"end":{"line":228,"column":56}},"101":{"start":{"line":229,"column":4},"end":{"line":229,"column":53}},"102":{"start":{"line":233,"column":0},"end":{"line":233,"column":24}}},"fnMap":{"0":{"name":"(anonymous_0)","decl":{"start":{"line":9,"column":28},"end":{"line":9,"column":29}},"loc":{"start":{"line":9,"column":48},"end":{"line":37,"column":1}},"line":9},"1":{"name":"(anonymous_1)","decl":{"start":{"line":40,"column":17},"end":{"line":40,"column":18}},"loc":{"start":{"line":40,"column":37},"end":{"line":92,"column":1}},"line":40},"2":{"name":"(anonymous_2)","decl":{"start":{"line":64,"column":31},"end":{"line":64,"column":32}},"loc":{"start":{"line":64,"column":43},"end":{"line":64,"column":64}},"line":64},"3":{"name":"(anonymous_3)","decl":{"start":{"line":65,"column":36},"end":{"line":65,"column":37}},"loc":{"start":{"line":65,"column":44},"end":{"line":65,"column":57}},"line":65},"4":{"name":"(anonymous_4)","decl":{"start":{"line":95,"column":36},"end":{"line":95,"column":37}},"loc":{"start":{"line":95,"column":56},"end":{"line":115,"column":1}},"line":95},"5":{"name":"(anonymous_5)","decl":{"start":{"line":106,"column":32},"end":{"line":106,"column":33}},"loc":{"start":{"line":106,"column":39},"end":{"line":106,"column":69}},"line":106},"6":{"name":"(anonymous_6)","decl":{"start":{"line":118,"column":29},"end":{"line":118,"column":30}},"loc":{"start":{"line":118,"column":49},"end":{"line":145,"column":1}},"line":118},"7":{"name":"(anonymous_7)","decl":{"start":{"line":135,"column":34},"end":{"line":135,"column":35}},"loc":{"start":{"line":135,"column":41},"end":{"line":135,"column":71}},"line":135},"8":{"name":"(anonymous_8)","decl":{"start":{"line":148,"column":28},"end":{"line":148,"column":29}},"loc":{"start":{"line":148,"column":48},"end":{"line":185,"column":1}},"line":148},"9":{"name":"(anonymous_9)","decl":{"start":{"line":165,"column":24},"end":{"line":165,"column":25}},"loc":{"start":{"line":165,"column":48},"end":{"line":177,"column":7}},"line":165},"10":{"name":"(anonymous_10)","decl":{"start":{"line":167,"column":10},"end":{"line":167,"column":11}},"loc":{"start":{"line":167,"column":27},"end":{"line":167,"column":60}},"line":167},"11":{"name":"(anonymous_11)","decl":{"start":{"line":188,"column":34},"end":{"line":188,"column":35}},"loc":{"start":{"line":188,"column":54},"end":{"line":214,"column":1}},"line":188},"12":{"name":"(anonymous_12)","decl":{"start":{"line":217,"column":36},"end":{"line":217,"column":37}},"loc":{"start":{"line":217,"column":56},"end":{"line":231,"column":1}},"line":217}},"branchMap":{"0":{"loc":{"start":{"line":12,"column":17},"end":{"line":12,"column":46}},"type":"binary-expr","locations":[{"start":{"line":12,"column":17},"end":{"line":12,"column":41}},{"start":{"line":12,"column":45},"end":{"line":12,"column":46}}],"line":12},"1":{"loc":{"start":{"line":13,"column":18},"end":{"line":13,"column":50}},"type":"binary-expr","locations":[{"start":{"line":13,"column":18},"end":{"line":13,"column":43}},{"start":{"line":13,"column":47},"end":{"line":13,"column":50}}],"line":13},"2":{"loc":{"start":{"line":47,"column":4},"end":{"line":49,"column":5}},"type":"if","locations":[{"start":{"line":47,"column":4},"end":{"line":49,"column":5}},{"start":{},"end":{}}],"line":47},"3":{"loc":{"start":{"line":53,"column":4},"end":{"line":59,"column":5}},"type":"if","locations":[{"start":{"line":53,"column":4},"end":{"line":59,"column":5}},{"start":{},"end":{}}],"line":53},"4":{"loc":{"start":{"line":55,"column":6},"end":{"line":58,"column":7}},"type":"if","locations":[{"start":{"line":55,"column":6},"end":{"line":58,"column":7}},{"start":{},"end":{}}],"line":55},"5":{"loc":{"start":{"line":56,"column":8},"end":{"line":56,"column":68}},"type":"if","locations":[{"start":{"line":56,"column":8},"end":{"line":56,"column":68}},{"start":{},"end":{}}],"line":56},"6":{"loc":{"start":{"line":57,"column":8},"end":{"line":57,"column":68}},"type":"if","locations":[{"start":{"line":57,"column":8},"end":{"line":57,"column":68}},{"start":{},"end":{}}],"line":57},"7":{"loc":{"start":{"line":101,"column":4},"end":{"line":103,"column":5}},"type":"if","locations":[{"start":{"line":101,"column":4},"end":{"line":103,"column":5}},{"start":{},"end":{}}],"line":101},"8":{"loc":{"start":{"line":106,"column":4},"end":{"line":109,"column":5}},"type":"if","locations":[{"start":{"line":106,"column":4},"end":{"line":109,"column":5}},{"start":{},"end":{}}],"line":106},"9":{"loc":{"start":{"line":123,"column":4},"end":{"line":125,"column":5}},"type":"if","locations":[{"start":{"line":123,"column":4},"end":{"line":125,"column":5}},{"start":{},"end":{}}],"line":123},"10":{"loc":{"start":{"line":123,"column":8},"end":{"line":123,"column":89}},"type":"binary-expr","locations":[{"start":{"line":123,"column":8},"end":{"line":123,"column":15}},{"start":{"line":123,"column":19},"end":{"line":123,"column":45}},{"start":{"line":123,"column":49},"end":{"line":123,"column":89}}],"line":123},"11":{"loc":{"start":{"line":135,"column":6},"end":{"line":138,"column":7}},"type":"if","locations":[{"start":{"line":135,"column":6},"end":{"line":138,"column":7}},{"start":{},"end":{}}],"line":135},"12":{"loc":{"start":{"line":153,"column":4},"end":{"line":155,"column":5}},"type":"if","locations":[{"start":{"line":153,"column":4},"end":{"line":155,"column":5}},{"start":{},"end":{}}],"line":153},"13":{"loc":{"start":{"line":153,"column":8},"end":{"line":153,"column":89}},"type":"binary-expr","locations":[{"start":{"line":153,"column":8},"end":{"line":153,"column":15}},{"start":{"line":153,"column":19},"end":{"line":153,"column":45}},{"start":{"line":153,"column":49},"end":{"line":153,"column":89}}],"line":153},"14":{"loc":{"start":{"line":170,"column":8},"end":{"line":176,"column":9}},"type":"if","locations":[{"start":{"line":170,"column":8},"end":{"line":176,"column":9}},{"start":{"line":173,"column":15},"end":{"line":176,"column":9}}],"line":170},"15":{"loc":{"start":{"line":200,"column":4},"end":{"line":202,"column":5}},"type":"if","locations":[{"start":{"line":200,"column":4},"end":{"line":202,"column":5}},{"start":{},"end":{}}],"line":200},"16":{"loc":{"start":{"line":205,"column":4},"end":{"line":207,"column":5}},"type":"if","locations":[{"start":{"line":205,"column":4},"end":{"line":207,"column":5}},{"start":{},"end":{}}],"line":205}},"s":{"0":1,"1":1,"2":1,"3":1,"4":1,"5":1,"6":1,"7":2,"8":2,"9":2,"10":2,"11":2,"12":1,"13":1,"14":1,"15":1,"16":1,"17":2,"18":2,"19":2,"20":1,"21":1,"22":0,"23":0,"24":0,"25":0,"26":0,"27":0,"28":0,"29":0,"30":0,"31":0,"32":0,"33":0,"34":0,"35":0,"36":0,"37":0,"38":1,"39":1,"40":1,"41":3,"42":3,"43":3,"44":3,"45":3,"46":1,"47":2,"48":1,"49":1,"50":1,"51":2,"52":0,"53":1,"54":2,"55":2,"56":2,"57":1,"58":1,"59":1,"60":1,"61":2,"62":0,"63":2,"64":2,"65":1,"66":0,"67":1,"68":2,"69":2,"70":2,"71":1,"72":1,"73":1,"74":1,"75":2,"76":3,"77":2,"78":1,"79":1,"80":1,"81":0,"82":0,"83":1,"84":3,"85":3,"86":3,"87":3,"88":3,"89":1,"90":2,"91":1,"92":2,"93":0,"94":0,"95":1,"96":2,"97":2,"98":2,"99":1,"100":1,"101":1,"102":1},"f":{"0":2,"1":2,"2":0,"3":0,"4":3,"5":1,"6":2,"7":0,"8":2,"9":2,"10":3,"11":3,"12":2},"b":{"0":[2,2],"1":[2,2],"2":[1,0],"3":[0,0],"4":[0,0],"5":[0,0],"6":[0,0],"7":[1,2],"8":[1,1],"9":[1,1],"10":[2,2,2],"11":[2,0],"12":[1,1],"13":[2,2,2],"14":[1,1],"15":[1,2],"16":[1,1]},"_coverageSchema":"1a1c01bbd47fc00a2c39e90264f33305004495a9","hash":"462f2ab6300c7758d734baf54309bb7670ca480e"}
,"C:\\Users\\ASUS\\Desktop\\new\\bytefixers\\backend\\routes\\projectRoutes.js": {"path":"C:\\Users\\ASUS\\Desktop\\new\\bytefixers\\backend\\routes\\projectRoutes.js","statementMap":{"0":{"start":{"line":1,"column":16},"end":{"line":1,"column":34}},"1":{"start":{"line":2,"column":15},"end":{"line":2,"column":31}},"2":{"start":{"line":3,"column":16},"end":{"line":3,"column":44}},"3":{"start":{"line":6,"column":0},"end":{"line":24,"column":3}},"4":{"start":{"line":7,"column":2},"end":{"line":23,"column":3}},"5":{"start":{"line":8,"column":59},"end":{"line":8,"column":67}},"6":{"start":{"line":11,"column":20},"end":{"line":17,"column":6}},"7":{"start":{"line":18,"column":4},"end":{"line":18,"column":36}},"8":{"start":{"line":19,"column":4},"end":{"line":19,"column":25}},"9":{"start":{"line":20,"column":4},"end":{"line":20,"column":34}},"10":{"start":{"line":22,"column":4},"end":{"line":22,"column":49}},"11":{"start":{"line":27,"column":0},"end":{"line":38,"column":3}},"12":{"start":{"line":28,"column":2},"end":{"line":37,"column":3}},"13":{"start":{"line":30,"column":21},"end":{"line":33,"column":42}},"14":{"start":{"line":34,"column":4},"end":{"line":34,"column":23}},"15":{"start":{"line":36,"column":4},"end":{"line":36,"column":49}},"16":{"start":{"line":41,"column":0},"end":{"line":56,"column":3}},"17":{"start":{"line":42,"column":2},"end":{"line":55,"column":3}},"18":{"start":{"line":43,"column":19},"end":{"line":43,"column":29}},"19":{"start":{"line":44,"column":4},"end":{"line":44,"column":20}},"20":{"start":{"line":45,"column":20},"end":{"line":48,"column":42}},"21":{"start":{"line":50,"column":4},"end":{"line":50,"column":80}},"22":{"start":{"line":50,"column":18},"end":{"line":50,"column":80}},"23":{"start":{"line":52,"column":4},"end":{"line":52,"column":22}},"24":{"start":{"line":54,"column":4},"end":{"line":54,"column":49}},"25":{"start":{"line":59,"column":0},"end":{"line":75,"column":3}},"26":{"start":{"line":60,"column":2},"end":{"line":74,"column":3}},"27":{"start":{"line":61,"column":19},"end":{"line":61,"column":29}},"28":{"start":{"line":62,"column":20},"end":{"line":62,"column":28}},"29":{"start":{"line":64,"column":20},"end":{"line":67,"column":42}},"30":{"start":{"line":69,"column":4},"end":{"line":69,"column":80}},"31":{"start":{"line":69,"column":18},"end":{"line":69,"column":80}},"32":{"start":{"line":71,"column":4},"end":{"line":71,"column":22}},"33":{"start":{"line":73,"column":4},"end":{"line":73,"column":49}},"34":{"start":{"line":78,"column":0},"end":{"line":89,"column":3}},"35":{"start":{"line":79,"column":2},"end":{"line":88,"column":3}},"36":{"start":{"line":80,"column":19},"end":{"line":80,"column":29}},"37":{"start":{"line":81,"column":20},"end":{"line":81,"column":55}},"38":{"start":{"line":83,"column":4},"end":{"line":83,"column":80}},"39":{"start":{"line":83,"column":18},"end":{"line":83,"column":80}},"40":{"start":{"line":85,"column":4},"end":{"line":85,"column":58}},"41":{"start":{"line":87,"column":4},"end":{"line":87,"column":49}},"42":{"start":{"line":91,"column":0},"end":{"line":132,"column":3}},"43":{"start":{"line":92,"column":2},"end":{"line":131,"column":3}},"44":{"start":{"line":93,"column":26},"end":{"line":93,"column":36}},"45":{"start":{"line":96,"column":20},"end":{"line":122,"column":6}},"46":{"start":{"line":124,"column":4},"end":{"line":126,"column":5}},"47":{"start":{"line":125,"column":6},"end":{"line":125,"column":68}},"48":{"start":{"line":127,"column":4},"end":{"line":127,"column":30}},"49":{"start":{"line":128,"column":4},"end":{"line":128,"column":38}},"50":{"start":{"line":130,"column":4},"end":{"line":130,"column":49}},"51":{"start":{"line":134,"column":0},"end":{"line":142,"column":3}},"52":{"start":{"line":135,"column":2},"end":{"line":141,"column":3}},"53":{"start":{"line":136,"column":23},"end":{"line":136,"column":33}},"54":{"start":{"line":137,"column":21},"end":{"line":137,"column":60}},"55":{"start":{"line":138,"column":4},"end":{"line":138,"column":35}},"56":{"start":{"line":140,"column":4},"end":{"line":140,"column":72}},"57":{"start":{"line":144,"column":0},"end":{"line":174,"column":3}},"58":{"start":{"line":145,"column":2},"end":{"line":173,"column":3}},"59":{"start":{"line":146,"column":34},"end":{"line":146,"column":42}},"60":{"start":{"line":148,"column":4},"end":{"line":152,"column":5}},"61":{"start":{"line":149,"column":6},"end":{"line":151,"column":66}},"62":{"start":{"line":154,"column":20},"end":{"line":154,"column":53}},"63":{"start":{"line":155,"column":4},"end":{"line":157,"column":5}},"64":{"start":{"line":156,"column":6},"end":{"line":156,"column":68}},"65":{"start":{"line":160,"column":4},"end":{"line":164,"column":5}},"66":{"start":{"line":161,"column":6},"end":{"line":163,"column":71}},"67":{"start":{"line":167,"column":4},"end":{"line":167,"column":33}},"68":{"start":{"line":168,"column":4},"end":{"line":168,"column":25}},"69":{"start":{"line":170,"column":4},"end":{"line":170,"column":72}},"70":{"start":{"line":172,"column":4},"end":{"line":172,"column":49}},"71":{"start":{"line":176,"column":0},"end":{"line":176,"column":24}}},"fnMap":{"0":{"name":"(anonymous_0)","decl":{"start":{"line":6,"column":23},"end":{"line":6,"column":24}},"loc":{"start":{"line":6,"column":43},"end":{"line":24,"column":1}},"line":6},"1":{"name":"(anonymous_1)","decl":{"start":{"line":27,"column":16},"end":{"line":27,"column":17}},"loc":{"start":{"line":27,"column":36},"end":{"line":38,"column":1}},"line":27},"2":{"name":"(anonymous_2)","decl":{"start":{"line":41,"column":19},"end":{"line":41,"column":20}},"loc":{"start":{"line":41,"column":39},"end":{"line":56,"column":1}},"line":41},"3":{"name":"(anonymous_3)","decl":{"start":{"line":59,"column":19},"end":{"line":59,"column":20}},"loc":{"start":{"line":59,"column":39},"end":{"line":75,"column":1}},"line":59},"4":{"name":"(anonymous_4)","decl":{"start":{"line":78,"column":22},"end":{"line":78,"column":23}},"loc":{"start":{"line":78,"column":42},"end":{"line":89,"column":1}},"line":78},"5":{"name":"(anonymous_5)","decl":{"start":{"line":91,"column":32},"end":{"line":91,"column":33}},"loc":{"start":{"line":91,"column":52},"end":{"line":132,"column":1}},"line":91},"6":{"name":"(anonymous_6)","decl":{"start":{"line":134,"column":28},"end":{"line":134,"column":29}},"loc":{"start":{"line":134,"column":48},"end":{"line":142,"column":1}},"line":134},"7":{"name":"(anonymous_7)","decl":{"start":{"line":144,"column":33},"end":{"line":144,"column":34}},"loc":{"start":{"line":144,"column":53},"end":{"line":174,"column":1}},"line":144}},"branchMap":{"0":{"loc":{"start":{"line":16,"column":14},"end":{"line":16,"column":34}},"type":"binary-expr","locations":[{"start":{"line":16,"column":14},"end":{"line":16,"column":20}},{"start":{"line":16,"column":24},"end":{"line":16,"column":34}}],"line":16},"1":{"loc":{"start":{"line":50,"column":4},"end":{"line":50,"column":80}},"type":"if","locations":[{"start":{"line":50,"column":4},"end":{"line":50,"column":80}},{"start":{},"end":{}}],"line":50},"2":{"loc":{"start":{"line":69,"column":4},"end":{"line":69,"column":80}},"type":"if","locations":[{"start":{"line":69,"column":4},"end":{"line":69,"column":80}},{"start":{},"end":{}}],"line":69},"3":{"loc":{"start":{"line":83,"column":4},"end":{"line":83,"column":80}},"type":"if","locations":[{"start":{"line":83,"column":4},"end":{"line":83,"column":80}},{"start":{},"end":{}}],"line":83},"4":{"loc":{"start":{"line":124,"column":4},"end":{"line":126,"column":5}},"type":"if","locations":[{"start":{"line":124,"column":4},"end":{"line":126,"column":5}},{"start":{},"end":{}}],"line":124},"5":{"loc":{"start":{"line":148,"column":4},"end":{"line":152,"column":5}},"type":"if","locations":[{"start":{"line":148,"column":4},"end":{"line":152,"column":5}},{"start":{},"end":{}}],"line":148},"6":{"loc":{"start":{"line":148,"column":8},"end":{"line":148,"column":29}},"type":"binary-expr","locations":[{"start":{"line":148,"column":8},"end":{"line":148,"column":15}},{"start":{"line":148,"column":19},"end":{"line":148,"column":29}}],"line":148},"7":{"loc":{"start":{"line":155,"column":4},"end":{"line":157,"column":5}},"type":"if","locations":[{"start":{"line":155,"column":4},"end":{"line":157,"column":5}},{"start":{},"end":{}}],"line":155},"8":{"loc":{"start":{"line":160,"column":4},"end":{"line":164,"column":5}},"type":"if","locations":[{"start":{"line":160,"column":4},"end":{"line":164,"column":5}},{"start":{},"end":{}}],"line":160}},"s":{"0":1,"1":1,"2":1,"3":1,"4":3,"5":3,"6":3,"7":3,"8":3,"9":2,"10":1,"11":1,"12":1,"13":1,"14":1,"15":0,"16":1,"17":3,"18":3,"19":3,"20":3,"21":2,"22":1,"23":1,"24":1,"25":1,"26":3,"27":3,"28":3,"29":3,"30":2,"31":1,"32":1,"33":1,"34":1,"35":3,"36":3,"37":3,"38":2,"39":1,"40":1,"41":1,"42":1,"43":2,"44":2,"45":2,"46":1,"47":1,"48":0,"49":0,"50":1,"51":1,"52":3,"53":3,"54":3,"55":2,"56":1,"57":1,"58":6,"59":6,"60":6,"61":2,"62":4,"63":3,"64":1,"65":2,"66":1,"67":1,"68":1,"69":1,"70":1,"71":1},"f":{"0":3,"1":1,"2":3,"3":3,"4":3,"5":2,"6":3,"7":6},"b":{"0":[3,1],"1":[1,1],"2":[1,1],"3":[1,1],"4":[1,0],"5":[2,4],"6":[6,5],"7":[1,2],"8":[1,1]},"_coverageSchema":"1a1c01bbd47fc00a2c39e90264f33305004495a9","hash":"6d68f54ad0f8f282e7383ec0c1544a879872406f"}
,"C:\\Users\\ASUS\\Desktop\\new\\bytefixers\\backend\\routes\\sendEmailRoutes.js": {"path":"C:\\Users\\ASUS\\Desktop\\new\\bytefixers\\backend\\routes\\sendEmailRoutes.js","statementMap":{"0":{"start":{"line":1,"column":16},"end":{"line":1,"column":34}},"1":{"start":{"line":2,"column":20},"end":{"line":2,"column":52}},"2":{"start":{"line":3,"column":15},"end":{"line":3,"column":31}},"3":{"start":{"line":4,"column":16},"end":{"line":4,"column":44}},"4":{"start":{"line":5,"column":13},"end":{"line":5,"column":38}},"5":{"start":{"line":6,"column":0},"end":{"line":28,"column":3}},"6":{"start":{"line":7,"column":31},"end":{"line":7,"column":39}},"7":{"start":{"line":9,"column":2},"end":{"line":11,"column":3}},"8":{"start":{"line":10,"column":4},"end":{"line":10,"column":80}},"9":{"start":{"line":12,"column":21},"end":{"line":12,"column":82}},"10":{"start":{"line":13,"column":2},"end":{"line":15,"column":3}},"11":{"start":{"line":14,"column":4},"end":{"line":14,"column":67}},"12":{"start":{"line":17,"column":2},"end":{"line":27,"column":3}},"13":{"start":{"line":19,"column":21},"end":{"line":19,"column":106}},"14":{"start":{"line":21,"column":4},"end":{"line":21,"column":52}},"15":{"start":{"line":23,"column":4},"end":{"line":23,"column":71}},"16":{"start":{"line":25,"column":4},"end":{"line":25,"column":47}},"17":{"start":{"line":26,"column":4},"end":{"line":26,"column":65}},"18":{"start":{"line":29,"column":0},"end":{"line":62,"column":3}},"19":{"start":{"line":30,"column":31},"end":{"line":30,"column":40}},"20":{"start":{"line":31,"column":2},"end":{"line":31,"column":31}},"21":{"start":{"line":32,"column":2},"end":{"line":34,"column":3}},"22":{"start":{"line":33,"column":4},"end":{"line":33,"column":80}},"23":{"start":{"line":36,"column":2},"end":{"line":61,"column":3}},"24":{"start":{"line":37,"column":27},"end":{"line":37,"column":47}},"25":{"start":{"line":38,"column":17},"end":{"line":38,"column":62}},"26":{"start":{"line":40,"column":4},"end":{"line":45,"column":5}},"27":{"start":{"line":42,"column":6},"end":{"line":44,"column":8}},"28":{"start":{"line":46,"column":20},"end":{"line":46,"column":53}},"29":{"start":{"line":47,"column":4},"end":{"line":47,"column":56}},"30":{"start":{"line":49,"column":4},"end":{"line":54,"column":5}},"31":{"start":{"line":50,"column":6},"end":{"line":50,"column":44}},"32":{"start":{"line":51,"column":6},"end":{"line":53,"column":9}},"33":{"start":{"line":55,"column":4},"end":{"line":57,"column":6}},"34":{"start":{"line":59,"column":4},"end":{"line":59,"column":49}},"35":{"start":{"line":60,"column":4},"end":{"line":60,"column":68}},"36":{"start":{"line":64,"column":0},"end":{"line":64,"column":24}}},"fnMap":{"0":{"name":"(anonymous_0)","decl":{"start":{"line":6,"column":28},"end":{"line":6,"column":29}},"loc":{"start":{"line":6,"column":48},"end":{"line":28,"column":1}},"line":6},"1":{"name":"(anonymous_1)","decl":{"start":{"line":29,"column":29},"end":{"line":29,"column":30}},"loc":{"start":{"line":29,"column":49},"end":{"line":62,"column":1}},"line":29}},"branchMap":{"0":{"loc":{"start":{"line":9,"column":2},"end":{"line":11,"column":3}},"type":"if","locations":[{"start":{"line":9,"column":2},"end":{"line":11,"column":3}},{"start":{},"end":{}}],"line":9},"1":{"loc":{"start":{"line":9,"column":6},"end":{"line":9,"column":26}},"type":"binary-expr","locations":[{"start":{"line":9,"column":6},"end":{"line":9,"column":12}},{"start":{"line":9,"column":16},"end":{"line":9,"column":26}}],"line":9},"2":{"loc":{"start":{"line":13,"column":2},"end":{"line":15,"column":3}},"type":"if","locations":[{"start":{"line":13,"column":2},"end":{"line":15,"column":3}},{"start":{},"end":{}}],"line":13},"3":{"loc":{"start":{"line":32,"column":2},"end":{"line":34,"column":3}},"type":"if","locations":[{"start":{"line":32,"column":2},"end":{"line":34,"column":3}},{"start":{},"end":{}}],"line":32},"4":{"loc":{"start":{"line":32,"column":6},"end":{"line":32,"column":26}},"type":"binary-expr","locations":[{"start":{"line":32,"column":6},"end":{"line":32,"column":12}},{"start":{"line":32,"column":16},"end":{"line":32,"column":26}}],"line":32},"5":{"loc":{"start":{"line":40,"column":4},"end":{"line":45,"column":5}},"type":"if","locations":[{"start":{"line":40,"column":4},"end":{"line":45,"column":5}},{"start":{},"end":{}}],"line":40},"6":{"loc":{"start":{"line":49,"column":4},"end":{"line":54,"column":5}},"type":"if","locations":[{"start":{"line":49,"column":4},"end":{"line":54,"column":5}},{"start":{},"end":{}}],"line":49}},"s":{"0":1,"1":1,"2":1,"3":1,"4":1,"5":1,"6":5,"7":5,"8":2,"9":3,"10":3,"11":1,"12":2,"13":2,"14":2,"15":1,"16":1,"17":1,"18":1,"19":6,"20":6,"21":6,"22":2,"23":4,"24":4,"25":4,"26":4,"27":1,"28":3,"29":2,"30":2,"31":1,"32":1,"33":2,"34":1,"35":1,"36":1},"f":{"0":5,"1":6},"b":{"0":[2,3],"1":[5,4],"2":[1,2],"3":[2,4],"4":[6,5],"5":[1,3],"6":[1,1]},"_coverageSchema":"1a1c01bbd47fc00a2c39e90264f33305004495a9","hash":"1b6cce122a0fcab91738afcd83cb634473873f01"}
[...]
:"binary-expr","locations":[{"start":{"line":170,"column":21},"end":{"line":170,"column":32}},{"start":{"line":170,"column":36},"end":{"line":170,"column":69}}],"line":170},"17":{"loc":{"start":{"line":174,"column":20},"end":{"line":174,"column":62}},"type":"binary-expr","locations":[{"start":{"line":174,"column":20},"end":{"line":174,"column":28}},{"start":{"line":174,"column":32},"end":{"line":174,"column":62}}],"line":174},"18":{"loc":{"start":{"line":178,"column":4},"end":{"line":180,"column":5}},"type":"if","locations":[{"start":{"line":178,"column":4},"end":{"line":180,"column":5}},{"start":{},"end":{}}],"line":178},"19":{"loc":{"start":{"line":178,"column":8},"end":{"line":178,"column":43}},"type":"binary-expr","locations":[{"start":{"line":178,"column":8},"end":{"line":178,"column":16}},{"start":{"line":178,"column":20},"end":{"line":178,"column":43}}],"line":178},"20":{"loc":{"start":{"line":186,"column":4},"end":{"line":192,"column":5}},"type":"if","locations":[{"start":{"line":186,"column":4},"end":{"line":192,"column":5}},{"start":{},"end":{}}],"line":186},"21":{"loc":{"start":{"line":219,"column":4},"end":{"line":224,"column":5}},"type":"if","locations":[{"start":{"line":219,"column":4},"end":{"line":224,"column":5}},{"start":{},"end":{}}],"line":219},"22":{"loc":{"start":{"line":220,"column":6},"end":{"line":221,"column":46}},"type":"binary-expr","locations":[{"start":{"line":220,"column":6},"end":{"line":220,"column":46}},{"start":{"line":221,"column":6},"end":{"line":221,"column":46}}],"line":220},"23":{"loc":{"start":{"line":228,"column":4},"end":{"line":230,"column":5}},"type":"if","locations":[{"start":{"line":228,"column":4},"end":{"line":230,"column":5}},{"start":{},"end":{}}],"line":228},"24":{"loc":{"start":{"line":233,"column":4},"end":{"line":237,"column":5}},"type":"if","locations":[{"start":{"line":233,"column":4},"end":{"line":237,"column":5}},{"start":{},"end":{}}],"line":233}},"s":{"0":1,"1":1,"2":1,"3":1,"4":1,"5":1,"6":3,"7":3,"8":3,"9":3,"10":3,"11":3,"12":3,"13":0,"14":3,"15":3,"16":3,"17":3,"18":2,"19":1,"20":1,"21":0,"22":1,"23":4,"24":4,"25":4,"26":4,"27":4,"28":4,"29":4,"30":3,"31":0,"32":3,"33":0,"34":3,"35":4,"36":1,"37":3,"38":2,"39":2,"40":3,"41":2,"42":3,"43":2,"44":1,"45":1,"46":1,"47":1,"48":1,"49":1,"50":2,"51":1,"52":2,"53":2,"54":2,"55":2,"56":0,"57":1,"58":3,"59":3,"60":3,"61":1,"62":2,"63":2,"64":1,"65":1,"66":0,"67":0,"68":1,"69":4,"70":4,"71":4,"72":4,"73":0,"74":4,"75":4,"76":0,"77":4,"78":5,"79":4,"80":1,"81":3,"82":3,"83":5,"84":3,"85":0,"86":3,"87":3,"88":1,"89":1,"90":2,"91":2,"92":2,"93":0,"94":0,"95":1,"96":2,"97":2,"98":2,"99":2,"100":0,"101":2,"102":2,"103":1,"104":1,"105":1,"106":0,"107":0,"108":0,"109":0,"110":1},"f":{"0":3,"1":4,"2":4,"3":3,"4":3,"5":2,"6":3,"7":4,"8":5,"9":5,"10":2},"b":{"0":[3,3],"1":[2,1],"2":[0,3],"3":[3,3],"4":[1,0],"5":[0,3],"6":[0,3],"7":[1,3],"8":[1,1],"9":[1,2],"10":[1,1],"11":[0,4],"12":[4,4],"13":[0,4],"14":[5,5],"15":[1,3],"16":[3,3],"17":[5,5],"18":[0,3],"19":[3,1],"20":[1,2],"21":[0,2],"22":[2,2],"23":[1,1],"24":[1,0]},"_coverageSchema":"1a1c01bbd47fc00a2c39e90264f33305004495a9","hash":"8ff47802c5a289de63e168d954cf38f62a934ae2"}
,"C:\\Users\\ASUS\\Desktop\\new\\bytefixers\\backend\\routes\\userRoutes.js": {"path":"C:\\Users\\ASUS\\Desktop\\new\\bytefixers\\backend\\routes\\userRoutes.js","statementMap":{"0":{"start":{"line":1,"column":16},"end":{"line":1,"column":34}},"1":{"start":{"line":2,"column":15},"end":{"line":2,"column":32}},"2":{"start":{"line":3,"column":12},"end":{"line":3,"column":35}},"3":{"start":{"line":4,"column":13},"end":{"line":4,"column":38}},"4":{"start":{"line":5,"column":18},"end":{"line":5,"column":48}},"5":{"start":{"line":6,"column":16},"end":{"line":6,"column":44}},"6":{"start":{"line":7,"column":18},"end":{"line":7,"column":38}},"7":{"start":{"line":8,"column":15},"end":{"line":8,"column":31}},"8":{"start":{"line":9,"column":30},"end":{"line":9,"column":69}},"9":{"start":{"line":10,"column":0},"end":{"line":10,"column":57}},"10":{"start":{"line":11,"column":0},"end":{"line":32,"column":3}},"11":{"start":{"line":12,"column":2},"end":{"line":31,"column":3}},"12":{"start":{"line":13,"column":17},"end":{"line":13,"column":41}},"13":{"start":{"line":14,"column":17},"end":{"line":14,"column":59}},"14":{"start":{"line":15,"column":20},"end":{"line":20,"column":5}},"15":{"start":{"line":21,"column":17},"end":{"line":21,"column":34}},"16":{"start":{"line":22,"column":4},"end":{"line":22,"column":22}},"17":{"start":{"line":23,"column":4},"end":{"line":27,"column":5}},"18":{"start":{"line":24,"column":6},"end":{"line":26,"column":9}},"19":{"start":{"line":28,"column":4},"end":{"line":28,"column":31}},"20":{"start":{"line":30,"column":4},"end":{"line":30,"column":79}},"21":{"start":{"line":35,"column":0},"end":{"line":58,"column":3}},"22":{"start":{"line":36,"column":2},"end":{"line":57,"column":3}},"23":{"start":{"line":37,"column":63},"end":{"line":37,"column":71}},"24":{"start":{"line":38,"column":4},"end":{"line":53,"column":5}},"25":{"start":{"line":39,"column":29},"end":{"line":39,"column":60}},"26":{"start":{"line":40,"column":19},"end":{"line":40,"column":64}},"27":{"start":{"line":41,"column":6},"end":{"line":43,"column":7}},"28":{"start":{"line":42,"column":8},"end":{"line":42,"column":67}},"29":{"start":{"line":44,"column":6},"end":{"line":44,"column":61}},"30":{"start":{"line":47,"column":6},"end":{"line":51,"column":7}},"31":{"start":{"line":48,"column":8},"end":{"line":50,"column":61}},"32":{"start":{"line":52,"column":6},"end":{"line":52,"column":50}},"33":{"start":{"line":55,"column":4},"end":{"line":55,"column":41}},"34":{"start":{"line":56,"column":4},"end":{"line":56,"column":62}},"35":{"start":{"line":61,"column":0},"end":{"line":69,"column":3}},"36":{"start":{"line":62,"column":2},"end":{"line":68,"column":3}},"37":{"start":{"line":63,"column":18},"end":{"line":63,"column":37}},"38":{"start":{"line":64,"column":4},"end":{"line":64,"column":20}},"39":{"start":{"line":66,"column":4},"end":{"line":66,"column":48}},"40":{"start":{"line":67,"column":4},"end":{"line":67,"column":62}},"41":{"start":{"line":71,"column":0},"end":{"line":82,"column":3}},"42":{"start":{"line":72,"column":2},"end":{"line":81,"column":3}},"43":{"start":{"line":73,"column":17},"end":{"line":73,"column":51}},"44":{"start":{"line":74,"column":4},"end":{"line":76,"column":5}},"45":{"start":{"line":75,"column":6},"end":{"line":75,"column":58}},"46":{"start":{"line":77,"column":4},"end":{"line":77,"column":19}},"47":{"start":{"line":79,"column":4},"end":{"line":79,"column":52}},"48":{"start":{"line":80,"column":4},"end":{"line":80,"column":62}},"49":{"start":{"line":84,"column":26},"end":{"line":84,"column":71}},"50":{"start":{"line":85,"column":2},"end":{"line":91,"column":3}},"51":{"start":{"line":86,"column":20},"end":{"line":86,"column":44}},"52":{"start":{"line":87,"column":4},"end":{"line":87,"column":22}},"53":{"start":{"line":89,"column":4},"end":{"line":89,"column":47}},"54":{"start":{"line":90,"column":4},"end":{"line":90,"column":57}},"55":{"start":{"line":95,"column":2},"end":{"line":105,"column":5}},"56":{"start":{"line":96,"column":4},"end":{"line":98,"column":5}},"57":{"start":{"line":97,"column":6},"end":{"line":97,"column":63}},"58":{"start":{"line":99,"column":17},"end":{"line":99,"column":49}},"59":{"start":{"line":100,"column":4},"end":{"line":102,"column":5}},"60":{"start":{"line":101,"column":6},"end":{"line":101,"column":63}},"61":{"start":{"line":103,"column":20},"end":{"line":103,"column":44}},"62":{"start":{"line":104,"column":4},"end":{"line":104,"column":22}},"63":{"start":{"line":109,"column":40},"end":{"line":109,"column":60}},"64":{"start":{"line":110,"column":18},"end":{"line":110,"column":31}},"65":{"start":{"line":111,"column":2},"end":{"line":111,"column":26}},"66":{"start":{"line":112,"column":2},"end":{"line":112,"column":39}},"67":{"start":{"line":113,"column":2},"end":{"line":113,"column":41}},"68":{"start":{"line":114,"column":2},"end":{"line":114,"column":17}},"69":{"start":{"line":118,"column":22},"end":{"line":127,"column":3}},"70":{"start":{"line":128,"column":23},"end":{"line":137,"column":3}},"71":{"start":{"line":138,"column":2},"end":{"line":138,"column":39}},"72":{"start":{"line":140,"column":0},"end":{"line":185,"column":3}},"73":{"start":{"line":141,"column":2},"end":{"line":184,"column":3}},"74":{"start":{"line":142,"column":19},"end":{"line":142,"column":31}},"75":{"start":{"line":143,"column":28},"end":{"line":143,"column":36}},"76":{"start":{"line":146,"column":17},"end":{"line":146,"column":44}},"77":{"start":{"line":147,"column":4},"end":{"line":149,"column":5}},"78":{"start":{"line":148,"column":6},"end":{"line":148,"column":65}},"79":{"start":{"line":152,"column":4},"end":{"line":164,"column":5}},"80":{"start":{"line":153,"column":6},"end":{"line":155,"column":7}},"81":{"start":{"line":154,"column":8},"end":{"line":154,"column":74}},"82":{"start":{"line":158,"column":27},"end":{"line":158,"column":78}},"83":{"start":{"line":159,"column":6},"end":{"line":161,"column":7}},"84":{"start":{"line":160,"column":8},"end":{"line":160,"column":73}},"85":{"start":{"line":163,"column":6},"end":{"line":163,"column":51}},"86":{"start":{"line":167,"column":4},"end":{"line":167,"column":31}},"87":{"start":{"line":167,"column":14},"end":{"line":167,"column":31}},"88":{"start":{"line":170,"column":4},"end":{"line":170,"column":22}},"89":{"start":{"line":173,"column":24},"end":{"line":173,"column":37}},"90":{"start":{"line":174,"column":4},"end":{"line":174,"column":46}},"91":{"start":{"line":175,"column":4},"end":{"line":175,"column":32}},"92":{"start":{"line":177,"column":4},"end":{"line":180,"column":7}},"93":{"start":{"line":182,"column":4},"end":{"line":182,"column":50}},"94":{"start":{"line":183,"column":4},"end":{"line":183,"column":64}},"95":{"start":{"line":192,"column":0},"end":{"line":239,"column":3}},"96":{"start":{"line":193,"column":2},"end":{"line":238,"column":3}},"97":{"start":{"line":194,"column":19},"end":{"line":194,"column":31}},"98":{"start":{"line":195,"column":45},"end":{"line":195,"column":53}},"99":{"start":{"line":198,"column":4},"end":{"line":202,"column":5}},"100":{"start":{"line":199,"column":6},"end":{"line":201,"column":73}},"101":{"start":{"line":205,"column":4},"end":{"line":209,"column":5}},"102":{"start":{"line":206,"column":6},"end":{"line":208,"column":74}},"103":{"start":{"line":212,"column":17},"end":{"line":212,"column":44}},"104":{"start":{"line":213,"column":4},"end":{"line":215,"column":5}},"105":{"start":{"line":214,"column":6},"end":{"line":214,"column":65}},"106":{"start":{"line":218,"column":28},"end":{"line":221,"column":5}},"107":{"start":{"line":222,"column":4},"end":{"line":224,"column":5}},"108":{"start":{"line":223,"column":6},"end":{"line":223,"column":80}},"109":{"start":{"line":227,"column":17},"end":{"line":227,"column":41}},"110":{"start":{"line":228,"column":27},"end":{"line":228,"column":63}},"111":{"start":{"line":231,"column":4},"end":{"line":231,"column":35}},"112":{"start":{"line":232,"column":4},"end":{"line":232,"column":22}},"113":{"start":{"line":234,"column":4},"end":{"line":234,"column":59}},"114":{"start":{"line":236,"column":4},"end":{"line":236,"column":51}},"115":{"start":{"line":237,"column":4},"end":{"line":237,"column":65}},"116":{"start":{"line":246,"column":0},"end":{"line":260,"column":3}},"117":{"start":{"line":247,"column":2},"end":{"line":259,"column":3}},"118":{"start":{"line":248,"column":19},"end":{"line":248,"column":31}},"119":{"start":{"line":250,"column":17},"end":{"line":250,"column":64}},"120":{"start":{"line":251,"column":4},"end":{"line":253,"column":5}},"121":{"start":{"line":252,"column":6},"end":{"line":252,"column":65}},"122":{"start":{"line":255,"column":4},"end":{"line":255,"column":19}},"123":{"start":{"line":257,"column":4},"end":{"line":257,"column":47}},"124":{"start":{"line":258,"column":4},"end":{"line":258,"column":66}},"125":{"start":{"line":262,"column":0},"end":{"line":262,"column":24}}},"fnMap":{"0":{"name":"(anonymous_0)","decl":{"start":{"line":11,"column":24},"end":{"line":11,"column":25}},"loc":{"start":{"line":11,"column":44},"end":{"line":32,"column":1}},"line":11},"1":{"name":"(anonymous_1)","decl":{"start":{"line":35,"column":22},"end":{"line":35,"column":23}},"loc":{"start":{"line":35,"column":42},"end":{"line":58,"column":1}},"line":35},"2":{"name":"(anonymous_2)","decl":{"start":{"line":61,"column":16},"end":{"line":61,"column":17}},"loc":{"start":{"line":61,"column":36},"end":{"line":69,"column":1}},"line":61},"3":{"name":"(anonymous_3)","decl":{"start":{"line":71,"column":19},"end":{"line":71,"column":20}},"loc":{"start":{"line":71,"column":39},"end":{"line":82,"column":1}},"line":71},"4":{"name":"handleEmailLogin","decl":{"start":{"line":83,"column":15},"end":{"line":83,"column":31}},"loc":{"start":{"line":83,"column":64},"end":{"line":92,"column":1}},"line":83},"5":{"name":"handleRefreshToken","decl":{"start":{"line":94,"column":15},"end":{"line":94,"column":33}},"loc":{"start":{"line":94,"column":53},"end":{"line":106,"column":1}},"line":94},"6":{"name":"(anonymous_6)","decl":{"start":{"line":95,"column":54},"end":{"line":95,"column":55}},"loc":{"start":{"line":95,"column":78},"end":{"line":105,"column":3}},"line":95},"7":{"name":"generateUserObject","decl":{"start":{"line":108,"column":9},"end":{"line":108,"column":27}},"loc":{"start":{"line":108,"column":34},"end":{"line":115,"column":1}},"line":108},"8":{"name":"generateTokens","decl":{"start":{"line":117,"column":9},"end":{"line":117,"column":23}},"loc":{"start":{"line":117,"column":30},"end":{"line":139,"column":1}},"line":117},"9":{"name":"(anonymous_9)","decl":{"start":{"line":140,"column":42},"end":{"line":140,"column":43}},"loc":{"start":{"line":140,"column":62},"end":{"line":185,"column":1}},"line":140},"10":{"name":"(anonymous_10)","decl":{"start":{"line":192,"column":43},"end":{"line":192,"column":44}},"loc":{"start":{"line":192,"column":63},"end":{"line":239,"column":1}},"line":192},"11":{"name":"(anonymous_11)","decl":{"start":{"line":246,"column":42},"end":{"line":246,"column":43}},"loc":{"start":{"line":246,"column":62},"end":{"line":260,"column":1}},"line":246}},"branchMap":{"0":{"loc":{"start":{"line":23,"column":4},"end":{"line":27,"column":5}},"type":"if","locations":[{"start":{"line":23,"column":4},"end":{"line":27,"column":5}},{"start":{},"end":{}}],"line":23},"1":{"loc":{"start":{"line":30,"column":36},"end":{"line":30,"column":75}},"type":"binary-expr","locations":[{"start":{"line":30,"column":36},"end":{"line":30,"column":49}},{"start":{"line":30,"column":53},"end":{"line":30,"column":75}}],"line":30},"2":{"loc":{"start":{"line":38,"column":4},"end":{"line":53,"column":5}},"type":"if","locations":[{"start":{"line":38,"column":4},"end":{"line":53,"column":5}},{"start":{"line":45,"column":11},"end":{"line":53,"column":5}}],"line":38},"3":{"loc":{"start":{"line":41,"column":6},"end":{"line":43,"column":7}},"type":"if","locations":[{"start":{"line":41,"column":6},"end":{"line":43,"column":7}},{"start":{},"end":{}}],"line":41},"4":{"loc":{"start":{"line":47,"column":6},"end":{"line":51,"column":7}},"type":"if","locations":[{"start":{"line":47,"column":6},"end":{"line":51,"column":7}},{"start":{},"end":{}}],"line":47},"5":{"loc":{"start":{"line":74,"column":4},"end":{"line":76,"column":5}},"type":"if","locations":[{"start":{"line":74,"column":4},"end":{"line":76,"column":5}},{"start":{},"end":{}}],"line":74},"6":{"loc":{"start":{"line":85,"column":2},"end":{"line":91,"column":3}},"type":"if","locations":[{"start":{"line":85,"column":2},"end":{"line":91,"column":3}},{"start":{"line":88,"column":9},"end":{"line":91,"column":3}}],"line":85},"7":{"loc":{"start":{"line":96,"column":4},"end":{"line":98,"column":5}},"type":"if","locations":[{"start":{"line":96,"column":4},"end":{"line":98,"column":5}},{"start":{},"end":{}}],"line":96},"8":{"loc":{"start":{"line":100,"column":4},"end":{"line":102,"column":5}},"type":"if","locations":[{"start":{"line":100,"column":4},"end":{"line":102,"column":5}},{"start":{},"end":{}}],"line":100},"9":{"loc":{"start":{"line":147,"column":4},"end":{"line":149,"column":5}},"type":"if","locations":[{"start":{"line":147,"column":4},"end":{"line":149,"column":5}},{"start":{},"end":{}}],"line":147},"10":{"loc":{"start":{"line":152,"column":4},"end":{"line":164,"column":5}},"type":"if","locations":[{"start":{"line":152,"column":4},"end":{"line":164,"column":5}},{"start":{},"end":{}}],"line":152},"11":{"loc":{"start":{"line":152,"column":8},"end":{"line":152,"column":37}},"type":"binary-expr","locations":[{"start":{"line":152,"column":8},"end":{"line":152,"column":13}},{"start":{"line":152,"column":17},"end":{"line":152,"column":37}}],"line":152},"12":{"loc":{"start":{"line":153,"column":6},"end":{"line":155,"column":7}},"type":"if","locations":[{"start":{"line":153,"column":6},"end":{"line":155,"column":7}},{"start":{},"end":{}}],"line":153},"13":{"loc":{"start":{"line":159,"column":6},"end":{"line":161,"column":7}},"type":"if","locations":[{"start":{"line":159,"column":6},"end":{"line":161,"column":7}},{"start":{},"end":{}}],"line":159},"14":{"loc":{"start":{"line":167,"column":4},"end":{"line":167,"column":31}},"type":"if","locations":[{"start":{"line":167,"column":4},"end":{"line":167,"column":31}},{"start":{},"end":{}}],"line":167},"15":{"loc":{"start":{"line":198,"column":4},"end":{"line":202,"column":5}},"type":"if","locations":[{"start":{"line":198,"column":4},"end":{"line":202,"column":5}},{"start":{},"end":{}}],"line":198},"16":{"loc":{"start":{"line":198,"column":8},"end":{"line":198,"column":40}},"type":"binary-expr","locations":[{"start":{"line":198,"column":8},"end":{"line":198,"column":24}},{"start":{"line":198,"column":28},"end":{"line":198,"column":40}}],"line":198},"17":{"loc":{"start":{"line":205,"column":4},"end":{"line":209,"column":5}},"type":"if","locations":[{"start":{"line":205,"column":4},"end":{"line":209,"column":5}},{"start":{},"end":{}}],"line":205},"18":{"loc":{"start":{"line":213,"column":4},"end":{"line":215,"column":5}},"type":"if","locations":[{"start":{"line":213,"column":4},"end":{"line":215,"column":5}},{"start":{},"end":{}}],"line":213},"19":{"loc":{"start":{"line":222,"column":4},"end":{"line":224,"column":5}},"type":"if","locations":[{"start":{"line":222,"column":4},"end":{"line":224,"column":5}},{"start":{},"end":{}}],"line":222},"20":{"loc":{"start":{"line":251,"column":4},"end":{"line":253,"column":5}},"type":"if","locations":[{"start":{"line":251,"column":4},"end":{"line":253,"column":5}},{"start":{},"end":{}}],"line":251}},"s":{"0":1,"1":1,"2":1,"3":1,"4":1,"5":1,"6":1,"7":1,"8":1,"9":1,"10":1,"11":3,"12":3,"13":3,"14":3,"15":3,"16":3,"17":2,"18":1,"19":2,"20":1,"21":1,"22":4,"23":4,"24":4,"25":1,"26":1,"27":1,"28":0,"29":1,"30":3,"31":1,"32":2,"33":0,"34":0,"35":1,"36":2,"37":2,"38":1,"39":1,"40":1,"41":1,"42":3,"43":3,"44":2,"45":0,"46":2,"47":1,"48":1,"49":1,"50":1,"51":1,"52":1,"53":0,"54":0,"55":2,"56":2,"57":1,"58":1,"59":1,"60":0,"61":1,"62":1,"63":2,"64":2,"65":2,"66":2,"67":2,"68":2,"69":2,"70":2,"71":2,"72":1,"73":4,"74":4,"75":4,"76":4,"77":4,"78":1,"79":3,"80":3,"81":1,"82":2,"83":2,"84":1,"85":1,"86":1,"87":1,"88":1,"89":1,"90":1,"91":1,"92":1,"93":0,"94":0,"95":1,"96":5,"97":5,"98":5,"99":5,"100":1,"101":4,"102":1,"103":3,"104":3,"105":1,"106":2,"107":2,"108":1,"109":1,"110":1,"111":1,"112":1,"113":1,"114":0,"115":0,"116":1,"117":0,"118":0,"119":0,"120":0,"121":0,"122":0,"123":0,"124":0,"125":1},"f":{"0":3,"1":4,"2":2,"3":3,"4":1,"5":2,"6":2,"7":2,"8":2,"9":4,"10":5,"11":0},"b":{"0":[1,1],"1":[1,0],"2":[1,3],"3":[0,1],"4":[1,2],"5":[0,2],"6":[1,0],"7":[1,1],"8":[0,1],"9":[1,3],"10":[3,0],"11":[3,3],"12":[1,2],"13":[1,1],"14":[1,0],"15":[1,4],"16":[5,5],"17":[1,3],"18":[1,2],"19":[1,1],"20":[0,0]},"_coverageSchema":"1a1c01bbd47fc00a2c39e90264f33305004495a9","hash":"de80cb40e48c7a16b5583571d0cb7c2a29a671f3"}
}
