TN:
SF:config\appConfig.js
FNF:0
FNH:0
DA:1,2
DA:2,2
DA:11,2
LF:3
LH:3
BRDA:3,0,0,2
BRDA:3,0,1,0
BRF:2
BRH:1
end_of_record
TN:
SF:middleware\authMiddleware.js
FN:4,(anonymous_0)
FN:19,(anonymous_1)
FNF:2
FNH:0
FNDA:0,(anonymous_0)
FNDA:0,(anonymous_1)
DA:1,1
DA:2,1
DA:4,1
DA:5,0
DA:6,0
DA:7,0
DA:8,0
DA:11,0
DA:12,0
DA:13,0
DA:14,0
DA:18,0
DA:19,0
DA:20,0
DA:21,0
DA:22,0
DA:25,0
DA:26,0
DA:30,1
LF:19
LH:4
BRDA:7,0,0,0
BRDA:7,0,1,0
BRDA:13,1,0,0
BRDA:13,1,1,0
BRDA:20,2,0,0
BRDA:20,2,1,0
BRF:6
BRH:0
end_of_record
TN:
SF:models\Attachment.js
FNF:0
FNH:0
DA:1,5
DA:3,5
DA:17,5
LF:3
LH:3
BRF:0
BRH:0
end_of_record
TN:
SF:models\Calendar.js
FNF:0
FNH:0
DA:1,1
DA:3,1
DA:73,1
LF:3
LH:3
BRF:0
BRH:0
end_of_record
TN:
SF:models\Conversation.js
FN:41,(anonymous_0)
FNF:1
FNH:1
FNDA:6,(anonymous_0)
DA:1,1
DA:3,1
DA:19,1
DA:41,1
DA:42,6
DA:43,6
DA:46,1
LF:7
LH:7
BRF:0
BRH:0
end_of_record
TN:
SF:models\Notification.js
FNF:0
FNH:0
DA:1,1
DA:3,1
DA:55,1
LF:3
LH:3
BRF:0
BRH:0
end_of_record
TN:
SF:models\Project.js
FNF:0
FNH:0
DA:1,7
DA:3,7
DA:54,7
LF:3
LH:3
BRF:0
BRH:0
end_of_record
TN:
SF:models\Subtask.js
FN:61,(anonymous_0)
FNF:1
FNH:0
FNDA:0,(anonymous_0)
DA:1,2
DA:3,2
DA:61,2
DA:62,0
DA:64,2
LF:5
LH:4
BRF:0
BRH:0
end_of_record
TN:
SF:models\Task.js
FN:64,(anonymous_0)
FNF:1
FNH:0
FNDA:0,(anonymous_0)
DA:1,5
DA:2,5
DA:4,5
DA:64,5
DA:65,0
DA:67,5
LF:6
LH:5
BRF:0
BRH:0
end_of_record
TN:
SF:models\Team.js
FN:36,(anonymous_0)
FNF:1
FNH:0
FNDA:0,(anonymous_0)
DA:1,1
DA:3,1
DA:33,1
DA:36,1
DA:37,0
DA:38,0
DA:39,0
DA:40,0
DA:41,0
LF:9
LH:4
BRF:0
BRH:0
end_of_record
TN:
SF:models\user.js
FNF:0
FNH:0
DA:1,4
DA:3,4
DA:31,4
LF:3
LH:3
BRF:0
BRH:0
end_of_record
TN:
SF:routes\calendarRoutes.js
FN:9,(anonymous_0)
FN:49,(anonymous_1)
FN:63,(anonymous_2)
FN:88,(anonymous_3)
FN:106,isSpecialId
FN:111,handleSpecialIdEvent
FN:126,fetchTaskEvent
FN:149,fetchSubtaskEvent
FN:173,handleRegularCalendarEvent
FN:187,handleErrorResponse
FN:193,(anonymous_10)
FN:212,(anonymous_11)
FN:273,(anonymous_12)
FNF:13
FNH:9
FNDA:1,(anonymous_0)
FNDA:0,(anonymous_1)
FNDA:0,(anonymous_2)
FNDA:2,(anonymous_3)
FNDA:2,isSpecialId
FNDA:1,handleSpecialIdEvent
FNDA:1,fetchTaskEvent
FNDA:0,fetchSubtaskEvent
FNDA:1,handleRegularCalendarEvent
FNDA:0,handleErrorResponse
FNDA:1,(anonymous_10)
FNDA:3,(anonymous_11)
FNDA:4,(anonymous_12)
DA:1,1
DA:2,1
DA:3,1
DA:4,1
DA:5,1
DA:6,1
DA:9,1
DA:10,1
DA:11,1
DA:12,1
DA:15,1
DA:16,1
DA:17,0
DA:18,0
DA:22,1
DA:32,1
DA:40,1
DA:49,1
DA:63,1
DA:78,1
DA:80,1
DA:82,0
DA:83,0
DA:88,1
DA:89,2
DA:90,2
DA:93,2
DA:94,1
DA:98,1
DA:101,0
DA:107,2
DA:112,1
DA:114,1
DA:118,1
DA:119,1
DA:122,0
DA:127,1
DA:131,1
DA:133,0
DA:150,0
DA:155,0
DA:157,0
DA:174,1
DA:179,1
DA:180,1
DA:183,0
DA:188,0
DA:189,0
DA:193,1
DA:194,1
DA:195,1
DA:197,1
DA:199,0
DA:204,0
DA:206,1
DA:207,1
DA:212,1
DA:213,3
DA:214,3
DA:217,3
DA:218,1
DA:219,1
DA:221,1
DA:223,1
DA:224,1
DA:226,1
DA:236,2
DA:237,1
DA:238,1
DA:240,1
DA:241,0
DA:243,1
DA:244,1
DA:246,1
DA:256,1
DA:263,1
DA:265,0
DA:267,0
DA:268,0
DA:273,1
DA:274,4
DA:275,4
DA:278,4
DA:279,2
DA:285,2
DA:287,2
DA:289,1
DA:291,0
DA:292,0
DA:296,1
LF:90
LH:69
BRDA:16,0,0,0
BRDA:16,0,1,1
BRDA:16,1,0,1
BRDA:16,1,1,0
BRDA:56,2,0,0
BRDA:56,2,1,0
BRDA:60,3,0,0
BRDA:60,3,1,0
BRDA:70,4,0,0
BRDA:70,4,1,0
BRDA:74,5,0,0
BRDA:74,5,1,0
BRDA:93,6,0,1
BRDA:93,6,1,1
BRDA:107,7,0,2
BRDA:107,7,1,1
BRDA:114,8,0,1
BRDA:114,8,1,0
BRDA:118,9,0,1
BRDA:118,9,1,0
BRDA:131,10,0,1
BRDA:131,10,1,0
BRDA:140,11,0,0
BRDA:140,11,1,0
BRDA:144,12,0,0
BRDA:144,12,1,0
BRDA:155,13,0,0
BRDA:155,13,1,0
BRDA:164,14,0,0
BRDA:164,14,1,0
BRDA:168,15,0,0
BRDA:168,15,1,0
BRDA:179,16,0,1
BRDA:179,16,1,0
BRDA:217,17,0,1
BRDA:217,17,1,2
BRDA:221,18,0,0
BRDA:221,18,1,1
BRDA:233,19,0,0
BRDA:233,19,1,1
BRDA:236,20,0,1
BRDA:236,20,1,1
BRDA:240,21,0,0
BRDA:240,21,1,1
BRDA:263,22,0,1
BRDA:263,22,1,0
BRDA:278,23,0,2
BRDA:278,23,1,2
BRDA:278,24,0,4
BRDA:278,24,1,3
BRDA:287,25,0,1
BRDA:287,25,1,1
BRF:52
BRH:24
end_of_record
TN:
SF:routes\chatRoutes.js
FN:7,(anonymous_0)
FN:78,(anonymous_1)
FN:119,(anonymous_2)
FNF:3
FNH:3
FNDA:5,(anonymous_0)
FNDA:3,(anonymous_1)
FNDA:3,(anonymous_2)
DA:1,1
DA:2,1
DA:3,1
DA:4,1
DA:7,1
DA:8,5
DA:10,5
DA:13,5
DA:14,1
DA:20,4
DA:21,1
DA:28,3
DA:31,2
DA:34,2
DA:36,2
DA:38,1
DA:46,2
DA:52,2
DA:58,2
DA:61,2
DA:68,1
DA:69,1
DA:78,1
DA:79,3
DA:80,3
DA:82,3
DA:83,1
DA:90,2
DA:93,2
DA:95,2
DA:96,1
DA:103,1
DA:109,0
DA:110,0
DA:119,1
DA:120,3
DA:121,3
DA:123,3
DA:124,1
DA:131,2
DA:134,2
DA:136,2
DA:137,1
DA:144,1
DA:145,1
DA:147,1
DA:152,0
DA:153,0
DA:161,1
LF:49
LH:45
BRDA:13,0,0,1
BRDA:13,0,1,4
BRDA:20,1,0,1
BRDA:20,1,1,3
BRDA:36,2,0,1
BRDA:36,2,1,1
BRDA:82,3,0,1
BRDA:82,3,1,2
BRDA:95,4,0,1
BRDA:95,4,1,1
BRDA:123,5,0,1
BRDA:123,5,1,2
BRDA:136,6,0,1
BRDA:136,6,1,1
BRF:14
BRH:14
end_of_record
TN:
SF:routes\fileRoutes.js
FN:10,(anonymous_0)
FN:89,(anonymous_1)
FN:102,(anonymous_2)
FN:155,(anonymous_3)
FN:176,formatFileSize
FN:186,(anonymous_5)
FN:232,(anonymous_6)
FN:237,(anonymous_7)
FN:257,(anonymous_8)
FN:263,(anonymous_9)
FN:287,(anonymous_10)
FN:299,(anonymous_11)
FN:322,(anonymous_12)
FN:344,(anonymous_13)
FNF:14
FNH:8
FNDA:1,(anonymous_0)
FNDA:2,(anonymous_1)
FNDA:1,(anonymous_2)
FNDA:1,(anonymous_3)
FNDA:0,formatFileSize
FNDA:1,(anonymous_5)
FNDA:0,(anonymous_6)
FNDA:0,(anonymous_7)
FNDA:0,(anonymous_8)
FNDA:0,(anonymous_9)
FNDA:3,(anonymous_10)
FNDA:2,(anonymous_11)
FNDA:1,(anonymous_12)
FNDA:0,(anonymous_13)
DA:1,1
DA:2,1
DA:3,1
DA:4,1
DA:5,1
DA:6,1
DA:7,1
DA:8,1
DA:10,1
DA:11,1
DA:12,1
DA:13,1
DA:16,1
DA:17,0
DA:20,1
DA:23,1
DA:27,1
DA:30,1
DA:31,1
DA:35,1
DA:47,1
DA:48,1
DA:49,1
DA:53,0
DA:54,0
DA:58,0
DA:61,0
DA:72,0
DA:75,0
DA:81,0
DA:83,0
DA:84,0
DA:89,1
DA:90,2
DA:91,2
DA:92,2
DA:95,2
DA:96,2
DA:97,1
DA:101,1
DA:102,1
DA:105,1
DA:106,1
DA:110,0
DA:115,0
DA:116,0
DA:118,0
DA:120,0
DA:124,0
DA:127,0
DA:138,0
DA:141,0
DA:147,0
DA:149,0
DA:150,0
DA:155,1
DA:156,1
DA:157,1
DA:160,1
DA:164,1
DA:165,1
DA:168,0
DA:170,0
DA:171,0
DA:177,0
DA:179,0
DA:180,0
DA:182,0
DA:186,1
DA:187,1
DA:188,1
DA:189,1
DA:192,1
DA:196,1
DA:197,1
DA:198,1
DA:201,0
DA:204,0
DA:206,0
DA:207,0
DA:210,0
DA:215,0
DA:216,0
DA:219,0
DA:222,0
DA:228,0
DA:231,0
DA:232,0
DA:233,0
DA:234,0
DA:237,0
DA:238,0
DA:239,0
DA:248,0
DA:252,0
DA:256,0
DA:257,0
DA:260,0
DA:263,0
DA:269,0
DA:271,0
DA:273,0
DA:274,0
DA:284,1
DA:287,1
DA:288,3
DA:289,3
DA:292,3
DA:293,3
DA:294,1
DA:298,2
DA:299,2
DA:302,2
DA:303,1
DA:306,1
DA:310,1
DA:313,1
DA:314,1
DA:321,1
DA:324,1
DA:325,0
DA:328,0
DA:334,1
DA:335,1
DA:342,1
DA:345,0
DA:346,0
DA:351,0
DA:352,0
DA:357,1
LF:130
LH:68
BRDA:16,0,0,0
BRDA:16,0,1,1
BRDA:30,1,0,1
BRDA:30,1,1,0
BRDA:48,2,0,1
BRDA:48,2,1,0
BRDA:53,3,0,0
BRDA:53,3,1,0
BRDA:96,4,0,1
BRDA:96,4,1,1
BRDA:105,5,0,1
BRDA:105,5,1,0
BRDA:118,6,0,0
BRDA:118,6,1,0
BRDA:164,7,0,1
BRDA:164,7,1,0
BRDA:168,8,0,0
BRDA:168,8,1,0
BRDA:177,9,0,0
BRDA:177,9,1,0
BRDA:196,10,0,1
BRDA:196,10,1,0
BRDA:196,11,0,1
BRDA:196,11,1,1
BRDA:210,12,0,0
BRDA:210,12,1,0
BRDA:211,13,0,0
BRDA:211,13,1,0
BRDA:211,13,2,0
BRDA:233,14,0,0
BRDA:233,14,1,0
BRDA:233,15,0,0
BRDA:233,15,1,0
BRDA:257,16,0,0
BRDA:257,16,1,0
BRDA:257,17,0,0
BRDA:257,17,1,0
BRDA:293,18,0,1
BRDA:293,18,1,2
BRDA:302,19,0,1
BRDA:302,19,1,1
BRDA:313,20,0,1
BRDA:313,20,1,0
BRDA:324,21,0,0
BRDA:324,21,1,1
BRDA:334,22,0,1
BRDA:334,22,1,0
BRF:47
BRH:17
end_of_record
TN:
SF:routes\notificationRoutes.js
FN:9,(anonymous_0)
FN:40,(anonymous_1)
FN:64,(anonymous_2)
FN:65,(anonymous_3)
FN:95,(anonymous_4)
FN:106,(anonymous_5)
FN:118,(anonymous_6)
FN:135,(anonymous_7)
FN:148,(anonymous_8)
FN:165,(anonymous_9)
FN:167,(anonymous_10)
FN:188,(anonymous_11)
FN:217,(anonymous_12)
FNF:13
FNH:10
FNDA:2,(anonymous_0)
FNDA:2,(anonymous_1)
FNDA:0,(anonymous_2)
FNDA:0,(anonymous_3)
FNDA:3,(anonymous_4)
FNDA:1,(anonymous_5)
FNDA:2,(anonymous_6)
FNDA:0,(anonymous_7)
FNDA:2,(anonymous_8)
FNDA:2,(anonymous_9)
FNDA:3,(anonymous_10)
FNDA:3,(anonymous_11)
FNDA:2,(anonymous_12)
DA:1,1
DA:2,1
DA:3,1
DA:4,1
DA:5,1
DA:6,1
DA:9,1
DA:10,2
DA:11,2
DA:12,2
DA:13,2
DA:15,2
DA:25,1
DA:27,1
DA:34,1
DA:35,1
DA:40,1
DA:41,2
DA:43,2
DA:46,2
DA:47,1
DA:48,1
DA:52,0
DA:53,0
DA:54,0
DA:55,0
DA:56,0
DA:57,0
DA:62,0
DA:64,0
DA:65,0
DA:69,0
DA:79,0
DA:81,0
DA:86,0
DA:87,0
DA:89,1
DA:90,1
DA:95,1
DA:96,3
DA:97,3
DA:98,3
DA:100,3
DA:101,3
DA:102,1
DA:106,2
DA:107,1
DA:108,1
DA:111,2
DA:113,0
DA:118,1
DA:119,2
DA:120,2
DA:123,2
DA:124,1
DA:128,1
DA:131,1
DA:134,1
DA:135,2
DA:136,2
DA:137,2
DA:141,1
DA:143,0
DA:148,1
DA:149,2
DA:150,2
DA:153,2
DA:154,1
DA:158,1
DA:161,1
DA:164,1
DA:166,2
DA:167,3
DA:170,2
DA:172,1
DA:175,1
DA:180,1
DA:182,0
DA:183,0
DA:188,1
DA:189,3
DA:190,3
DA:191,3
DA:194,3
DA:200,3
DA:201,1
DA:205,2
DA:206,1
DA:209,2
DA:211,0
DA:212,0
DA:217,1
DA:218,2
DA:219,2
DA:221,2
DA:226,1
DA:228,1
DA:229,1
DA:233,1
LF:99
LH:79
BRDA:12,0,0,2
BRDA:12,0,1,2
BRDA:13,1,0,2
BRDA:13,1,1,2
BRDA:47,2,0,1
BRDA:47,2,1,0
BRDA:53,3,0,0
BRDA:53,3,1,0
BRDA:55,4,0,0
BRDA:55,4,1,0
BRDA:56,5,0,0
BRDA:56,5,1,0
BRDA:57,6,0,0
BRDA:57,6,1,0
BRDA:101,7,0,1
BRDA:101,7,1,2
BRDA:106,8,0,1
BRDA:106,8,1,1
BRDA:123,9,0,1
BRDA:123,9,1,1
BRDA:123,10,0,2
BRDA:123,10,1,2
BRDA:123,10,2,2
BRDA:135,11,0,2
BRDA:135,11,1,0
BRDA:153,12,0,1
BRDA:153,12,1,1
BRDA:153,13,0,2
BRDA:153,13,1,2
BRDA:153,13,2,2
BRDA:170,14,0,1
BRDA:170,14,1,1
BRDA:200,15,0,1
BRDA:200,15,1,2
BRDA:205,16,0,1
BRDA:205,16,1,1
BRF:36
BRH:26
end_of_record
TN:
SF:routes\projectRoutes.js
FN:6,(anonymous_0)
FN:27,(anonymous_1)
FN:41,(anonymous_2)
FN:59,(anonymous_3)
FN:78,(anonymous_4)
FN:91,(anonymous_5)
FN:134,(anonymous_6)
FN:144,(anonymous_7)
FNF:8
FNH:8
FNDA:3,(anonymous_0)
FNDA:1,(anonymous_1)
FNDA:3,(anonymous_2)
FNDA:3,(anonymous_3)
FNDA:3,(anonymous_4)
FNDA:2,(anonymous_5)
FNDA:3,(anonymous_6)
FNDA:6,(anonymous_7)
DA:1,1
DA:2,1
DA:3,1
DA:6,1
DA:7,3
DA:8,3
DA:11,3
DA:18,3
DA:19,3
DA:20,2
DA:22,1
DA:27,1
DA:28,1
DA:30,1
DA:34,1
DA:36,0
DA:41,1
DA:42,3
DA:43,3
DA:44,3
DA:45,3
DA:50,2
DA:52,1
DA:54,1
DA:59,1
DA:60,3
DA:61,3
DA:62,3
DA:64,3
DA:69,2
DA:71,1
DA:73,1
DA:78,1
DA:79,3
DA:80,3
DA:81,3
DA:83,2
DA:85,1
DA:87,1
DA:91,1
DA:92,2
DA:93,2
DA:96,2
DA:124,1
DA:125,1
DA:127,0
DA:128,0
DA:130,1
DA:134,1
DA:135,3
DA:136,3
DA:137,3
DA:138,2
DA:140,1
DA:144,1
DA:145,6
DA:146,6
DA:148,6
DA:149,2
DA:154,4
DA:155,3
DA:156,1
DA:160,2
DA:161,1
DA:167,1
DA:168,1
DA:170,1
DA:172,1
DA:176,1
LF:69
LH:66
BRDA:16,0,0,3
BRDA:16,0,1,1
BRDA:50,1,0,1
BRDA:50,1,1,1
BRDA:69,2,0,1
BRDA:69,2,1,1
BRDA:83,3,0,1
BRDA:83,3,1,1
BRDA:124,4,0,1
BRDA:124,4,1,0
BRDA:148,5,0,2
BRDA:148,5,1,4
BRDA:148,6,0,6
BRDA:148,6,1,5
BRDA:155,7,0,1
BRDA:155,7,1,2
BRDA:160,8,0,1
BRDA:160,8,1,1
BRF:18
BRH:17
end_of_record
TN:
SF:routes\sendEmailRoutes.js
FN:6,(anonymous_0)
FN:29,(anonymous_1)
FNF:2
FNH:2
FNDA:5,(anonymous_0)
FNDA:6,(anonymous_1)
DA:1,1
DA:2,1
DA:3,1
DA:4,1
DA:5,1
DA:6,1
DA:7,5
DA:9,5
DA:10,2
DA:12,3
DA:13,3
DA:14,1
DA:17,2
DA:19,2
DA:21,2
DA:23,1
DA:25,1
DA:26,1
DA:29,1
DA:30,6
DA:31,6
DA:32,6
DA:33,2
DA:36,4
DA:37,4
DA:38,4
DA:40,4
DA:42,1
DA:46,3
DA:47,2
DA:49,2
DA:50,1
DA:51,1
DA:55,2
DA:59,1
DA:60,1
DA:64,1
LF:37
LH:37
BRDA:9,0,0,2
BRDA:9,0,1,3
BRDA:9,1,0,5
BRDA:9,1,1,4
BRDA:13,2,0,1
BRDA:13,2,1,2
BRDA:32,3,0,2
BRDA:32,3,1,4
BRDA:32,4,0,6
BRDA:32,4,1,5
BRDA:40,5,0,1
BRDA:40,5,1,3
BRDA:49,6,0,1
BRDA:49,6,1,1
BRF:14
BRH:14
end_of_record
TN:
SF:routes\taskRoutes.js
FN:8,(anonymous_0)
FN:45,(anonymous_1)
FN:58,(anonymous_2)
FN:83,(anonymous_3)
FN:95,(anonymous_4)
FN:122,(anonymous_5)
FN:169,(anonymous_6)
FN:234,(anonymous_7)
FN:274,(anonymous_8)
FN:333,updateSubtaskFields
FN:345,trackChanges
FN:362,trackFieldChange
FN:368,trackAssigneeChange
FN:374,trackReporterChange
FN:380,trackDateChange
FN:386,trackTitleChange
FN:392,trackDescriptionChange
FN:398,addActivityLog
FN:409,createChangeDetails
FN:425,updateParentTaskLog
FN:441,populateSubtask
FN:456,(anonymous_21)
FN:476,(anonymous_22)
FN:500,(anonymous_23)
FN:525,(anonymous_24)
FN:568,captureOriginalValues
FN:581,handleCompletionTime
FN:589,handleTeamUpdate
FN:610,updateTaskFields
FN:613,(anonymous_29)
FN:620,logActivityChanges
FN:631,logFieldChange
FN:654,formatDescription
FN:659,logDueDate
FN:677,logEntityChange
FN:699,logAssigneeChange
FN:720,updateProjectProgress
FN:728,(anonymous_37)
FN:733,getPopulatedTask
FN:772,(anonymous_39)
FN:787,(anonymous_40)
FN:804,(anonymous_41)
FN:831,(anonymous_42)
FN:855,(anonymous_43)
FN:877,(anonymous_44)
FNF:45
FNH:17
FNDA:2,(anonymous_0)
FNDA:2,(anonymous_1)
FNDA:2,(anonymous_2)
FNDA:1,(anonymous_3)
FNDA:0,(anonymous_4)
FNDA:0,(anonymous_5)
FNDA:1,(anonymous_6)
FNDA:1,(anonymous_7)
FNDA:1,(anonymous_8)
FNDA:0,updateSubtaskFields
FNDA:0,trackChanges
FNDA:0,trackFieldChange
FNDA:0,trackAssigneeChange
FNDA:0,trackReporterChange
FNDA:0,trackDateChange
FNDA:0,trackTitleChange
FNDA:0,trackDescriptionChange
FNDA:0,addActivityLog
FNDA:0,createChangeDetails
FNDA:0,updateParentTaskLog
FNDA:0,populateSubtask
FNDA:2,(anonymous_21)
FNDA:2,(anonymous_22)
FNDA:2,(anonymous_23)
FNDA:1,(anonymous_24)
FNDA:0,captureOriginalValues
FNDA:0,handleCompletionTime
FNDA:0,handleTeamUpdate
FNDA:0,updateTaskFields
FNDA:0,(anonymous_29)
FNDA:0,logActivityChanges
FNDA:0,logFieldChange
FNDA:0,formatDescription
FNDA:0,logDueDate
FNDA:0,logEntityChange
FNDA:0,logAssigneeChange
FNDA:0,updateProjectProgress
FNDA:0,(anonymous_37)
FNDA:0,getPopulatedTask
FNDA:2,(anonymous_39)
FNDA:2,(anonymous_40)
FNDA:2,(anonymous_41)
FNDA:2,(anonymous_42)
FNDA:2,(anonymous_43)
FNDA:5,(anonymous_44)
DA:1,1
DA:2,1
DA:3,1
DA:4,1
DA:5,1
DA:8,1
DA:9,2
DA:10,2
DA:12,2
DA:14,2
DA:16,2
DA:18,1
DA:35,1
DA:36,1
DA:38,1
DA:39,0
DA:40,1
DA:41,1
DA:43,1
DA:44,1
DA:45,2
DA:47,1
DA:49,1
DA:51,1
DA:53,0
DA:58,1
DA:59,2
DA:60,2
DA:61,2
DA:62,2
DA:64,2
DA:65,2
DA:68,2
DA:69,2
DA:72,1
DA:75,1
DA:80,1
DA:81,1
DA:82,1
DA:83,1
DA:85,1
DA:87,1
DA:88,1
DA:90,0
DA:95,1
DA:96,0
DA:97,0
DA:98,0
DA:100,0
DA:103,0
DA:104,0
DA:107,0
DA:108,0
DA:110,0
DA:115,0
DA:116,0
DA:118,0
DA:122,1
DA:123,0
DA:124,0
DA:125,0
DA:145,0
DA:157,0
DA:158,0
DA:159,0
DA:160,0
DA:162,0
DA:164,0
DA:165,0
DA:169,1
DA:170,1
DA:171,1
DA:181,1
DA:184,1
DA:185,1
DA:186,1
DA:190,0
DA:203,0
DA:206,0
DA:209,0
DA:219,0
DA:222,0
DA:227,0
DA:229,0
DA:230,0
DA:234,1
DA:235,1
DA:236,1
DA:237,1
DA:262,0
DA:263,0
DA:266,0
DA:268,1
DA:269,1
DA:274,1
DA:275,1
DA:276,1
DA:279,1
DA:282,1
DA:283,1
DA:284,1
DA:288,0
DA:299,0
DA:300,0
DA:301,0
DA:302,0
DA:306,0
DA:309,0
DA:312,0
DA:313,0
DA:316,0
DA:320,0
DA:323,0
DA:325,0
DA:327,0
DA:328,0
DA:334,0
DA:336,0
DA:337,0
DA:338,0
DA:339,0
DA:340,0
DA:341,0
DA:342,0
DA:346,0
DA:347,0
DA:350,0
DA:351,0
DA:352,0
DA:353,0
DA:354,0
DA:355,0
DA:356,0
DA:358,0
DA:363,0
DA:364,0
DA:369,0
DA:370,0
DA:375,0
DA:376,0
DA:381,0
DA:382,0
DA:387,0
DA:388,0
DA:393,0
DA:394,0
DA:399,0
DA:401,0
DA:410,0
DA:412,0
DA:426,0
DA:427,0
DA:429,0
DA:431,0
DA:438,0
DA:442,0
DA:456,1
DA:457,2
DA:458,2
DA:459,2
DA:462,2
DA:463,2
DA:464,1
DA:468,1
DA:471,1
DA:474,1
DA:475,1
DA:476,2
DA:479,1
DA:488,1
DA:491,1
DA:495,0
DA:496,0
DA:500,1
DA:501,2
DA:502,2
DA:505,2
DA:506,2
DA:507,1
DA:511,1
DA:515,1
DA:517,0
DA:518,0
DA:525,1
DA:526,1
DA:527,1
DA:528,1
DA:529,1
DA:532,1
DA:533,1
DA:534,1
DA:538,0
DA:541,0
DA:544,0
DA:547,0
DA:550,0
DA:552,0
DA:555,0
DA:558,0
DA:560,0
DA:562,0
DA:563,0
DA:569,0
DA:582,0
DA:583,0
DA:584,0
DA:585,0
DA:590,0
DA:592,0
DA:593,0
DA:596,0
DA:600,0
DA:601,0
DA:611,0
DA:613,0
DA:614,0
DA:615,0
DA:622,0
DA:623,0
DA:624,0
DA:625,0
DA:626,0
DA:627,0
DA:628,0
DA:632,0
DA:634,0
DA:636,0
DA:639,0
DA:640,0
DA:646,0
DA:655,0
DA:656,0
DA:660,0
DA:663,0
DA:667,0
DA:668,0
DA:678,0
DA:681,0
DA:684,0
DA:685,0
DA:687,0
DA:700,0
DA:703,0
DA:707,0
DA:708,0
DA:721,0
DA:724,0
DA:725,0
DA:727,0
DA:728,0
DA:729,0
DA:730,0
DA:734,0
DA:756,0
DA:767,0
DA:768,0
DA:772,1
DA:773,2
DA:774,2
DA:777,2
DA:778,2
DA:779,1
DA:783,1
DA:785,1
DA:787,2
DA:790,1
DA:791,1
DA:795,1
DA:798,1
DA:802,1
DA:803,1
DA:804,2
DA:806,1
DA:809,1
DA:812,0
DA:813,0
DA:818,1
DA:820,1
DA:825,0
DA:826,0
DA:831,1
DA:832,2
DA:833,2
DA:836,2
DA:837,2
DA:838,1
DA:842,1
DA:847,1
DA:849,0
DA:850,0
DA:855,1
DA:856,2
DA:857,2
DA:860,2
DA:861,2
DA:862,1
DA:866,1
DA:869,1
DA:877,1
DA:878,5
DA:879,5
DA:883,1
DA:888,0
DA:889,0
DA:893,1
LF:305
LH:135
BRDA:16,0,0,1
BRDA:16,0,1,1
BRDA:24,1,0,1
BRDA:24,1,1,0
BRDA:25,2,0,1
BRDA:25,2,1,0
BRDA:38,3,0,0
BRDA:38,3,1,1
BRDA:40,4,0,1
BRDA:40,4,1,0
BRDA:65,5,0,0
BRDA:65,5,1,2
BRDA:69,6,0,1
BRDA:69,6,1,1
BRDA:77,7,0,1
BRDA:77,7,1,0
BRDA:103,8,0,0
BRDA:103,8,1,0
BRDA:107,9,0,0
BRDA:107,9,1,0
BRDA:159,10,0,0
BRDA:159,10,1,0
BRDA:185,11,0,1
BRDA:185,11,1,0
BRDA:193,12,0,0
BRDA:193,12,1,0
BRDA:194,13,0,0
BRDA:194,13,1,0
BRDA:195,14,0,0
BRDA:195,14,1,0
BRDA:262,15,0,0
BRDA:262,15,1,0
BRDA:283,16,0,1
BRDA:283,16,1,0
BRDA:299,17,0,0
BRDA:299,17,1,0
BRDA:299,18,0,0
BRDA:299,18,1,0
BRDA:301,19,0,0
BRDA:301,19,1,0
BRDA:301,20,0,0
BRDA:301,20,1,0
BRDA:312,21,0,0
BRDA:312,21,1,0
BRDA:336,22,0,0
BRDA:336,22,1,0
BRDA:337,23,0,0
BRDA:337,23,1,0
BRDA:338,24,0,0
BRDA:338,24,1,0
BRDA:339,25,0,0
BRDA:339,25,1,0
BRDA:340,26,0,0
BRDA:340,26,1,0
BRDA:341,27,0,0
BRDA:341,27,1,0
BRDA:342,28,0,0
BRDA:342,28,1,0
BRDA:363,29,0,0
BRDA:363,29,1,0
BRDA:363,30,0,0
BRDA:363,30,1,0
BRDA:369,31,0,0
BRDA:369,31,1,0
BRDA:369,32,0,0
BRDA:369,32,1,0
BRDA:370,33,0,0
BRDA:370,33,1,0
BRDA:375,34,0,0
BRDA:375,34,1,0
BRDA:375,35,0,0
BRDA:375,35,1,0
BRDA:381,36,0,0
BRDA:381,36,1,0
BRDA:381,37,0,0
BRDA:381,37,1,0
BRDA:382,38,0,0
BRDA:382,38,1,0
BRDA:387,39,0,0
BRDA:387,39,1,0
BRDA:387,40,0,0
BRDA:387,40,1,0
BRDA:393,41,0,0
BRDA:393,41,1,0
BRDA:393,42,0,0
BRDA:393,42,1,0
BRDA:416,43,0,0
BRDA:416,43,1,0
BRDA:417,44,0,0
BRDA:417,44,1,0
BRDA:418,45,0,0
BRDA:418,45,1,0
BRDA:419,46,0,0
BRDA:419,46,1,0
BRDA:420,47,0,0
BRDA:420,47,1,0
BRDA:427,48,0,0
BRDA:427,48,1,0
BRDA:463,49,0,1
BRDA:463,49,1,1
BRDA:475,50,0,1
BRDA:475,50,1,0
BRDA:506,51,0,1
BRDA:506,51,1,1
BRDA:529,52,0,1
BRDA:529,52,1,1
BRDA:533,53,0,1
BRDA:533,53,1,0
BRDA:582,54,0,0
BRDA:582,54,1,0
BRDA:582,55,0,0
BRDA:582,55,1,0
BRDA:584,56,0,0
BRDA:584,56,1,0
BRDA:584,57,0,0
BRDA:584,57,1,0
BRDA:590,58,0,0
BRDA:590,58,1,0
BRDA:593,59,0,0
BRDA:593,59,1,0
BRDA:596,60,0,0
BRDA:596,60,1,0
BRDA:596,60,2,0
BRDA:596,60,3,0
BRDA:596,60,4,0
BRDA:596,60,5,0
BRDA:596,60,6,0
BRDA:600,61,0,0
BRDA:600,61,1,0
BRDA:603,62,0,0
BRDA:603,62,1,0
BRDA:604,63,0,0
BRDA:604,63,1,0
BRDA:614,64,0,0
BRDA:614,64,1,0
BRDA:632,65,0,0
BRDA:632,65,1,0
BRDA:632,66,0,0
BRDA:632,66,1,0
BRDA:639,67,0,0
BRDA:639,67,1,0
BRDA:655,68,0,0
BRDA:655,68,1,0
BRDA:656,69,0,0
BRDA:656,69,1,0
BRDA:660,70,0,0
BRDA:660,70,1,0
BRDA:663,71,0,0
BRDA:663,71,1,0
BRDA:663,71,2,0
BRDA:663,71,3,0
BRDA:663,71,4,0
BRDA:663,71,5,0
BRDA:663,71,6,0
BRDA:667,72,0,0
BRDA:667,72,1,0
BRDA:678,73,0,0
BRDA:678,73,1,0
BRDA:681,74,0,0
BRDA:681,74,1,0
BRDA:684,75,0,0
BRDA:684,75,1,0
BRDA:691,76,0,0
BRDA:691,76,1,0
BRDA:692,77,0,0
BRDA:692,77,1,0
BRDA:700,78,0,0
BRDA:700,78,1,0
BRDA:703,79,0,0
BRDA:703,79,1,0
BRDA:703,79,2,0
BRDA:703,79,3,0
BRDA:703,79,4,0
BRDA:703,79,5,0
BRDA:703,79,6,0
BRDA:707,80,0,0
BRDA:707,80,1,0
BRDA:710,81,0,0
BRDA:710,81,1,0
BRDA:712,82,0,0
BRDA:712,82,1,0
BRDA:713,83,0,0
BRDA:713,83,1,0
BRDA:721,84,0,0
BRDA:721,84,1,0
BRDA:721,85,0,0
BRDA:721,85,1,0
BRDA:725,86,0,0
BRDA:725,86,1,0
BRDA:778,87,0,1
BRDA:778,87,1,1
BRDA:785,88,0,1
BRDA:785,88,1,0
BRDA:790,89,0,1
BRDA:790,89,1,0
BRDA:790,90,0,1
BRDA:790,90,1,1
BRDA:802,91,0,1
BRDA:802,91,1,0
BRDA:837,92,0,1
BRDA:837,92,1,1
BRDA:861,93,0,1
BRDA:861,93,1,1
BRDA:878,94,0,5
BRDA:878,94,1,0
BRF:205
BRH:32
end_of_record
TN:
SF:routes\teamRoutes.js
FN:9,(anonymous_0)
FN:43,(anonymous_1)
FN:64,(anonymous_2)
FN:74,(anonymous_3)
FN:78,(anonymous_4)
FN:99,(anonymous_5)
FN:113,(anonymous_6)
FN:139,(anonymous_7)
FN:160,(anonymous_8)
FN:174,(anonymous_9)
FN:213,(anonymous_10)
FNF:11
FNH:11
FNDA:3,(anonymous_0)
FNDA:4,(anonymous_1)
FNDA:4,(anonymous_2)
FNDA:3,(anonymous_3)
FNDA:3,(anonymous_4)
FNDA:2,(anonymous_5)
FNDA:3,(anonymous_6)
FNDA:4,(anonymous_7)
FNDA:5,(anonymous_8)
FNDA:5,(anonymous_9)
FNDA:2,(anonymous_10)
DA:1,1
DA:2,1
DA:3,1
DA:4,1
DA:6,1
DA:9,1
DA:10,3
DA:11,3
DA:12,3
DA:13,3
DA:16,3
DA:17,3
DA:18,3
DA:19,0
DA:21,3
DA:22,3
DA:25,3
DA:32,3
DA:33,2
DA:35,1
DA:36,1
DA:38,0
DA:43,1
DA:44,4
DA:45,4
DA:46,4
DA:47,4
DA:49,4
DA:52,4
DA:53,4
DA:54,3
DA:55,0
DA:59,3
DA:60,0
DA:64,3
DA:66,4
DA:67,1
DA:69,3
DA:73,2
DA:74,3
DA:77,2
DA:78,3
DA:81,2
DA:82,1
DA:86,1
DA:87,1
DA:89,1
DA:90,1
DA:92,1
DA:94,2
DA:99,1
DA:100,2
DA:101,2
DA:103,2
DA:107,2
DA:109,0
DA:113,1
DA:114,3
DA:115,3
DA:118,3
DA:119,1
DA:123,2
DA:128,2
DA:129,1
DA:132,1
DA:134,0
DA:135,0
DA:139,1
DA:140,4
DA:141,4
DA:142,4
DA:145,4
DA:149,0
DA:153,4
DA:154,4
DA:155,0
DA:159,4
DA:160,5
DA:163,4
DA:164,1
DA:170,3
DA:173,3
DA:174,5
DA:178,3
DA:179,0
DA:183,3
DA:186,3
DA:187,1
DA:188,1
DA:194,2
DA:197,2
DA:202,2
DA:207,0
DA:208,0
DA:213,1
DA:214,2
DA:215,2
DA:216,2
DA:219,2
DA:223,0
DA:227,2
DA:228,2
DA:229,1
DA:233,1
DA:234,1
DA:240,0
DA:242,0
DA:247,0
DA:248,0
DA:251,1
LF:110
LH:93
BRDA:13,0,0,3
BRDA:13,0,1,3
BRDA:16,1,0,2
BRDA:16,1,1,1
BRDA:18,2,0,0
BRDA:18,2,1,3
BRDA:18,3,0,3
BRDA:18,3,1,3
BRDA:35,4,0,1
BRDA:35,4,1,0
BRDA:54,5,0,0
BRDA:54,5,1,3
BRDA:59,6,0,0
BRDA:59,6,1,3
BRDA:66,7,0,1
BRDA:66,7,1,3
BRDA:81,8,0,1
BRDA:81,8,1,1
BRDA:118,9,0,1
BRDA:118,9,1,2
BRDA:128,10,0,1
BRDA:128,10,1,1
BRDA:145,11,0,0
BRDA:145,11,1,4
BRDA:146,12,0,4
BRDA:146,12,1,4
BRDA:154,13,0,0
BRDA:154,13,1,4
BRDA:160,14,0,5
BRDA:160,14,1,5
BRDA:163,15,0,1
BRDA:163,15,1,3
BRDA:170,16,0,3
BRDA:170,16,1,3
BRDA:174,17,0,5
BRDA:174,17,1,5
BRDA:178,18,0,0
BRDA:178,18,1,3
BRDA:178,19,0,3
BRDA:178,19,1,1
BRDA:186,20,0,1
BRDA:186,20,1,2
BRDA:219,21,0,0
BRDA:219,21,1,2
BRDA:220,22,0,2
BRDA:220,22,1,2
BRDA:228,23,0,1
BRDA:228,23,1,1
BRDA:233,24,0,1
BRDA:233,24,1,0
BRF:50
BRH:41
end_of_record
TN:
SF:routes\userRoutes.js
FN:11,(anonymous_0)
FN:35,(anonymous_1)
FN:61,(anonymous_2)
FN:71,(anonymous_3)
FN:83,handleEmailLogin
FN:94,handleRefreshToken
FN:95,(anonymous_6)
FN:108,generateUserObject
FN:117,generateTokens
FN:140,(anonymous_9)
FN:192,(anonymous_10)
FN:246,(anonymous_11)
FNF:12
FNH:11
FNDA:3,(anonymous_0)
FNDA:4,(anonymous_1)
FNDA:2,(anonymous_2)
FNDA:3,(anonymous_3)
FNDA:1,handleEmailLogin
FNDA:2,handleRefreshToken
FNDA:2,(anonymous_6)
FNDA:2,generateUserObject
FNDA:2,generateTokens
FNDA:4,(anonymous_9)
FNDA:5,(anonymous_10)
FNDA:0,(anonymous_11)
DA:1,1
DA:2,1
DA:3,1
DA:4,1
DA:5,1
DA:6,1
DA:7,1
DA:8,1
DA:9,1
DA:10,1
DA:11,1
DA:12,3
DA:13,3
DA:14,3
DA:15,3
DA:21,3
DA:22,3
DA:23,2
DA:24,1
DA:28,2
DA:30,1
DA:35,1
DA:36,4
DA:37,4
DA:38,4
DA:39,1
DA:40,1
DA:41,1
DA:42,0
DA:44,1
DA:47,3
DA:48,1
DA:52,2
DA:55,0
DA:56,0
DA:61,1
DA:62,2
DA:63,2
DA:64,1
DA:66,1
DA:67,1
DA:71,1
DA:72,3
DA:73,3
DA:74,2
DA:75,0
DA:77,2
DA:79,1
DA:80,1
DA:84,1
DA:85,1
DA:86,1
DA:87,1
DA:89,0
DA:90,0
DA:95,2
DA:96,2
DA:97,1
DA:99,1
DA:100,1
DA:101,0
DA:103,1
DA:104,1
DA:109,2
DA:110,2
DA:111,2
DA:112,2
DA:113,2
DA:114,2
DA:118,2
DA:128,2
DA:138,2
DA:140,1
DA:141,4
DA:142,4
DA:143,4
DA:146,4
DA:147,4
DA:148,1
DA:152,3
DA:153,3
DA:154,1
DA:158,2
DA:159,2
DA:160,1
DA:163,1
DA:167,1
DA:170,1
DA:173,1
DA:174,1
DA:175,1
DA:177,1
DA:182,0
DA:183,0
DA:192,1
DA:193,5
DA:194,5
DA:195,5
DA:198,5
DA:199,1
DA:205,4
DA:206,1
DA:212,3
DA:213,3
DA:214,1
DA:218,2
DA:222,2
DA:223,1
DA:227,1
DA:228,1
DA:231,1
DA:232,1
DA:234,1
DA:236,0
DA:237,0
DA:246,1
DA:247,0
DA:248,0
DA:250,0
DA:251,0
DA:252,0
DA:255,0
DA:257,0
DA:258,0
DA:262,1
LF:125
LH:106
BRDA:23,0,0,1
BRDA:23,0,1,1
BRDA:30,1,0,1
BRDA:30,1,1,0
BRDA:38,2,0,1
BRDA:38,2,1,3
BRDA:41,3,0,0
BRDA:41,3,1,1
BRDA:47,4,0,1
BRDA:47,4,1,2
BRDA:74,5,0,0
BRDA:74,5,1,2
BRDA:85,6,0,1
BRDA:85,6,1,0
BRDA:96,7,0,1
BRDA:96,7,1,1
BRDA:100,8,0,0
BRDA:100,8,1,1
BRDA:147,9,0,1
BRDA:147,9,1,3
BRDA:152,10,0,3
BRDA:152,10,1,0
BRDA:152,11,0,3
BRDA:152,11,1,3
BRDA:153,12,0,1
BRDA:153,12,1,2
BRDA:159,13,0,1
BRDA:159,13,1,1
BRDA:167,14,0,1
BRDA:167,14,1,0
BRDA:198,15,0,1
BRDA:198,15,1,4
BRDA:198,16,0,5
BRDA:198,16,1,5
BRDA:205,17,0,1
BRDA:205,17,1,3
BRDA:213,18,0,1
BRDA:213,18,1,2
BRDA:222,19,0,1
BRDA:222,19,1,1
BRDA:251,20,0,0
BRDA:251,20,1,0
BRF:42
BRH:33
end_of_record
